4/24/2013 10:56:43 AM: [Info] Classic Mode Detected
4/24/2013 10:56:43 AM: [Debug] Deleting c:\code\FubuMVC.Diagnostics\src\packages
4/24/2013 10:56:44 AM: [Info] Restoring dependencies for solution diagnostics to c:\code\FubuMVC.Diagnostics\src\packages
4/24/2013 10:56:44 AM: [Debug] 
====================================================================================================
RippleOperation: diagnostics
====================================================================================================
     ** Ripple Steps
          1.) ValidateRepository          Validate diagnostics                                      
          2.) DownloadMissingNugets       Download missing nugets for diagnostics                   
          3.) ExplodeDownloadedNugets     Explode nugets at c:\code\FubuMVC.Diagnostics\src\packages
          4.) ProcessDirectives           Process directives from nugets                            
          5.) FixReferences               Fix References                                            

4/24/2013 10:56:47 AM: [Debug] Downloading From Cache: C:\Users\josarn\AppData\Roaming\ripple\FubuCore.1.1.0.243.nupkg
4/24/2013 10:56:47 AM: [Debug] Downloading From Cache: C:\Users\josarn\AppData\Roaming\ripple\FubuLocalization.0.9.5.143.nupkg
4/24/2013 10:56:47 AM: [Debug] Downloading From Cache: C:\Users\josarn\AppData\Roaming\ripple\FubuMVC.Core.1.0.1.1457.nupkg
4/24/2013 10:56:47 AM: [Debug] Downloading From Cache: C:\Users\josarn\AppData\Roaming\ripple\Bottles.1.0.0.475.nupkg
4/24/2013 10:56:47 AM: [Debug] Downloading From Cache: C:\Users\josarn\AppData\Roaming\ripple\FubuMVC.Core.Assets.0.9.9.425.nupkg
4/24/2013 10:56:47 AM: [Debug] Downloading From Cache: C:\Users\josarn\AppData\Roaming\ripple\FubuMVC.Core.UI.1.0.1.450.nupkg
4/24/2013 10:56:47 AM: [Debug] Downloading From Cache: C:\Users\josarn\AppData\Roaming\ripple\FubuMVC.Core.View.1.0.0.432.nupkg
4/24/2013 10:56:47 AM: [Debug] Downloading From Cache: C:\Users\josarn\AppData\Roaming\ripple\FubuMVC.JQueryUI.0.5.0.250.nupkg
4/24/2013 10:56:47 AM: [Debug] Downloading From Cache: C:\Users\josarn\AppData\Roaming\ripple\FubuMVC.Media.0.9.5.342.nupkg
4/24/2013 10:56:47 AM: [Debug] Downloading From Cache: C:\Users\josarn\AppData\Roaming\ripple\FubuMVC.Navigation.0.9.0.94.nupkg
4/24/2013 10:56:47 AM: [Debug] Downloading From Cache: C:\Users\josarn\AppData\Roaming\ripple\FubuMVC.SlickGrid.0.0.0.537.nupkg
4/24/2013 10:56:47 AM: [Debug] Downloading From Cache: C:\Users\josarn\AppData\Roaming\ripple\FubuMVC.Spark.1.0.0.432.nupkg
4/24/2013 10:56:47 AM: [Debug] Downloading From Cache: C:\Users\josarn\AppData\Roaming\ripple\FubuMVC.StructureMap.1.0.1.1457.nupkg
4/24/2013 10:56:47 AM: [Debug] Downloading From Cache: C:\Users\josarn\AppData\Roaming\ripple\FubuMVC.TwitterBootstrap.0.0.0.533.nupkg
4/24/2013 10:56:47 AM: [Debug] Downloading From Cache: C:\Users\josarn\AppData\Roaming\ripple\FubuTestingSupport.1.1.0.243.nupkg
4/24/2013 10:56:47 AM: [Debug] Downloading From Cache: C:\Users\josarn\AppData\Roaming\ripple\HtmlTags.1.2.0.159.nupkg
4/24/2013 10:56:48 AM: [Debug] Downloading From Cache: C:\Users\josarn\AppData\Roaming\ripple\DotNetZip.1.9.1.8.nupkg
4/24/2013 10:56:48 AM: [Debug] Downloading From Cache: C:\Users\josarn\AppData\Roaming\ripple\RhinoMocks.3.6.1.0.nupkg
4/24/2013 10:56:49 AM: [Debug] Downloading From Cache: C:\Users\josarn\AppData\Roaming\ripple\Spark.1.7.5.0.nupkg
4/24/2013 10:56:49 AM: [Debug] Downloading From Cache: C:\Users\josarn\AppData\Roaming\ripple\NUnit.2.5.10.11092.nupkg
4/24/2013 10:56:50 AM: [Debug] Downloading From Cache: C:\Users\josarn\AppData\Roaming\ripple\structuremap.2.6.3.0.nupkg
4/24/2013 10:56:51 AM: [Debug] Downloading From Cache: C:\Users\josarn\AppData\Roaming\ripple\structuremap.automocking.2.6.3.0.nupkg
4/24/2013 10:56:51 AM: [Debug] Exploding Name: FubuCore, Version: 1.1.0.243, IsPreRelease: False
4/24/2013 10:56:51 AM: [Info] Exploding to c:\code\FubuMVC.Diagnostics\src\packages\FubuCore
4/24/2013 10:56:51 AM: [Debug] Exploding Name: FubuLocalization, Version: 0.9.5.143, IsPreRelease: False
4/24/2013 10:56:51 AM: [Info] Exploding to c:\code\FubuMVC.Diagnostics\src\packages\FubuLocalization
4/24/2013 10:56:51 AM: [Debug] Exploding Name: FubuMVC.Core, Version: 1.0.1.1457, IsPreRelease: False
4/24/2013 10:56:51 AM: [Info] Exploding to c:\code\FubuMVC.Diagnostics\src\packages\FubuMVC.Core
4/24/2013 10:56:51 AM: [Debug] Exploding Name: Bottles, Version: 1.0.0.475, IsPreRelease: False
4/24/2013 10:56:51 AM: [Info] Exploding to c:\code\FubuMVC.Diagnostics\src\packages\Bottles
4/24/2013 10:56:51 AM: [Debug] Exploding Name: FubuMVC.Core.Assets, Version: 0.9.9.425, IsPreRelease: False
4/24/2013 10:56:51 AM: [Info] Exploding to c:\code\FubuMVC.Diagnostics\src\packages\FubuMVC.Core.Assets
4/24/2013 10:56:51 AM: [Debug] Exploding Name: FubuMVC.Core.UI, Version: 1.0.1.450, IsPreRelease: False
4/24/2013 10:56:51 AM: [Info] Exploding to c:\code\FubuMVC.Diagnostics\src\packages\FubuMVC.Core.UI
4/24/2013 10:56:51 AM: [Debug] Exploding Name: FubuMVC.Core.View, Version: 1.0.0.432, IsPreRelease: False
4/24/2013 10:56:51 AM: [Info] Exploding to c:\code\FubuMVC.Diagnostics\src\packages\FubuMVC.Core.View
4/24/2013 10:56:51 AM: [Debug] Exploding Name: FubuMVC.JQueryUI, Version: 0.5.0.250, IsPreRelease: False
4/24/2013 10:56:51 AM: [Info] Exploding to c:\code\FubuMVC.Diagnostics\src\packages\FubuMVC.JQueryUI
4/24/2013 10:56:51 AM: [Debug] Exploding Name: FubuMVC.Media, Version: 0.9.5.342, IsPreRelease: False
4/24/2013 10:56:51 AM: [Info] Exploding to c:\code\FubuMVC.Diagnostics\src\packages\FubuMVC.Media
4/24/2013 10:56:51 AM: [Debug] Exploding Name: FubuMVC.Navigation, Version: 0.9.0.94, IsPreRelease: False
4/24/2013 10:56:51 AM: [Info] Exploding to c:\code\FubuMVC.Diagnostics\src\packages\FubuMVC.Navigation
4/24/2013 10:56:51 AM: [Debug] Exploding Name: FubuMVC.SlickGrid, Version: 0.0.0.537, IsPreRelease: False
4/24/2013 10:56:51 AM: [Info] Exploding to c:\code\FubuMVC.Diagnostics\src\packages\FubuMVC.SlickGrid
4/24/2013 10:56:51 AM: [Debug] Exploding Name: FubuMVC.Spark, Version: 1.0.0.432, IsPreRelease: False
4/24/2013 10:56:51 AM: [Info] Exploding to c:\code\FubuMVC.Diagnostics\src\packages\FubuMVC.Spark
4/24/2013 10:56:51 AM: [Debug] Exploding Name: FubuMVC.StructureMap, Version: 1.0.1.1457, IsPreRelease: False
4/24/2013 10:56:51 AM: [Info] Exploding to c:\code\FubuMVC.Diagnostics\src\packages\FubuMVC.StructureMap
4/24/2013 10:56:51 AM: [Debug] Exploding Name: FubuMVC.TwitterBootstrap, Version: 0.0.0.533, IsPreRelease: False
4/24/2013 10:56:51 AM: [Info] Exploding to c:\code\FubuMVC.Diagnostics\src\packages\FubuMVC.TwitterBootstrap
4/24/2013 10:56:51 AM: [Debug] Exploding Name: FubuTestingSupport, Version: 1.1.0.243, IsPreRelease: False
4/24/2013 10:56:51 AM: [Info] Exploding to c:\code\FubuMVC.Diagnostics\src\packages\FubuTestingSupport
4/24/2013 10:56:51 AM: [Debug] Exploding Name: HtmlTags, Version: 1.2.0.159, IsPreRelease: False
4/24/2013 10:56:51 AM: [Info] Exploding to c:\code\FubuMVC.Diagnostics\src\packages\HtmlTags
4/24/2013 10:56:51 AM: [Debug] Exploding Name: DotNetZip, Version: 1.9.1.8, IsPreRelease: False
4/24/2013 10:56:51 AM: [Info] Exploding to c:\code\FubuMVC.Diagnostics\src\packages\DotNetZip
4/24/2013 10:56:52 AM: [Debug] Exploding Name: RhinoMocks, Version: 3.6.1.0, IsPreRelease: False
4/24/2013 10:56:52 AM: [Info] Exploding to c:\code\FubuMVC.Diagnostics\src\packages\RhinoMocks
4/24/2013 10:56:52 AM: [Debug] Exploding Name: Spark, Version: 1.7.5.0, IsPreRelease: False
4/24/2013 10:56:52 AM: [Info] Exploding to c:\code\FubuMVC.Diagnostics\src\packages\Spark
4/24/2013 10:56:52 AM: [Debug] Exploding Name: NUnit, Version: 2.5.10.11092, IsPreRelease: False
4/24/2013 10:56:52 AM: [Info] Exploding to c:\code\FubuMVC.Diagnostics\src\packages\NUnit
4/24/2013 10:56:52 AM: [Debug] Exploding Name: structuremap, Version: 2.6.3.0, IsPreRelease: False
4/24/2013 10:56:52 AM: [Info] Exploding to c:\code\FubuMVC.Diagnostics\src\packages\structuremap
4/24/2013 10:56:52 AM: [Debug] Exploding Name: structuremap.automocking, Version: 2.6.3.0, IsPreRelease: False
4/24/2013 10:56:52 AM: [Info] Exploding to c:\code\FubuMVC.Diagnostics\src\packages\structuremap.automocking
4/24/2013 10:56:52 AM: [Info] HintPath changed: ..\packages\Bottles.1.0.0.452\lib\Bottles.dll to ..\packages\Bottles\lib\Bottles.dll
4/24/2013 10:56:52 AM: [Info] HintPath changed: ..\packages\FubuCore.1.0.2.232\lib\FubuCore.dll to ..\packages\FubuCore\lib\FubuCore.dll
4/24/2013 10:56:52 AM: [Info] HintPath changed: ..\packages\FubuLocalization.0.9.5.130\lib\FubuLocalization.dll to ..\packages\FubuLocalization\lib\FubuLocalization.dll
4/24/2013 10:56:52 AM: [Info] HintPath changed: ..\packages\FubuMVC.Core.1.0.1.1425\lib\net40\FubuMVC.Core.dll to ..\packages\FubuMVC.Core\lib\net40\FubuMVC.Core.dll
4/24/2013 10:56:53 AM: [Info] HintPath changed: ..\packages\FubuMVC.Core.Assets.0.9.9.425\lib\net40\FubuMVC.Core.Assets.dll to ..\packages\FubuMVC.Core.Assets\lib\net40\FubuMVC.Core.Assets.dll
4/24/2013 10:56:53 AM: [Info] HintPath changed: ..\packages\FubuMVC.Core.UI.1.0.1.450\lib\net40\FubuMVC.Core.UI.dll to ..\packages\FubuMVC.Core.UI\lib\net40\FubuMVC.Core.UI.dll
4/24/2013 10:56:53 AM: [Info] HintPath changed: ..\packages\FubuMVC.Core.View.1.0.0.427\lib\net40\FubuMVC.Core.View.dll to ..\packages\FubuMVC.Core.View\lib\net40\FubuMVC.Core.View.dll
4/24/2013 10:56:53 AM: [Info] HintPath changed: ..\packages\FubuMVC.JQueryUI.0.5.0.232\lib\net40\FubuMVC.JQueryUI.dll to ..\packages\FubuMVC.JQueryUI\lib\net40\FubuMVC.JQueryUI.dll
4/24/2013 10:56:53 AM: [Info] HintPath changed: ..\packages\FubuMVC.Media.0.9.5.323\lib\net40\FubuMVC.Media.dll to ..\packages\FubuMVC.Media\lib\net40\FubuMVC.Media.dll
4/24/2013 10:56:53 AM: [Info] HintPath changed: ..\packages\FubuMVC.Navigation.0.9.0.94\lib\net40\FubuMVC.Navigation.dll to ..\packages\FubuMVC.Navigation\lib\net40\FubuMVC.Navigation.dll
4/24/2013 10:56:53 AM: [Info] HintPath changed: ..\packages\FubuMVC.SlickGrid.0.0.0.533\lib\net40\FubuMVC.SlickGrid.dll to ..\packages\FubuMVC.SlickGrid\lib\net40\FubuMVC.SlickGrid.dll
4/24/2013 10:56:53 AM: [Info] HintPath changed: ..\packages\FubuMVC.Spark.1.0.0.427\lib\net40\FubuMVC.Spark.dll to ..\packages\FubuMVC.Spark\lib\net40\FubuMVC.Spark.dll
4/24/2013 10:56:53 AM: [Info] HintPath changed: ..\packages\FubuMVC.StructureMap.1.0.1.1425\lib\net40\FubuMVC.StructureMap.dll to ..\packages\FubuMVC.StructureMap\lib\net40\FubuMVC.StructureMap.dll
4/24/2013 10:56:53 AM: [Info] HintPath changed: ..\packages\FubuMVC.TwitterBootstrap.0.0.0.533\lib\net40\FubuMVC.TwitterBootstrap.dll to ..\packages\FubuMVC.TwitterBootstrap\lib\net40\FubuMVC.TwitterBootstrap.dll
4/24/2013 10:56:53 AM: [Info] HintPath changed: ..\packages\HtmlTags.1.2.0.150\lib\4.0\HtmlTags.dll to ..\packages\HtmlTags\lib\4.0\HtmlTags.dll
4/24/2013 10:56:53 AM: [Info] HintPath changed: ..\packages\Spark.1.7.5.0\lib\NET40\Spark.dll to ..\packages\Spark\lib\NET40\Spark.dll
4/24/2013 10:56:53 AM: [Info] HintPath changed: ..\packages\structuremap.2.6.3\lib\StructureMap.dll to ..\packages\structuremap\lib\StructureMap.dll
4/24/2013 10:56:53 AM: [Info] HintPath changed: ..\packages\Bottles.1.0.0.452\lib\Bottles.dll to ..\packages\Bottles\lib\Bottles.dll
4/24/2013 10:56:53 AM: [Info] HintPath changed: ..\packages\FubuCore.1.0.2.232\lib\FubuCore.dll to ..\packages\FubuCore\lib\FubuCore.dll
4/24/2013 10:56:53 AM: [Info] HintPath changed: ..\packages\FubuLocalization.0.9.5.130\lib\FubuLocalization.dll to ..\packages\FubuLocalization\lib\FubuLocalization.dll
4/24/2013 10:56:53 AM: [Info] HintPath changed: ..\packages\FubuMVC.Core.1.0.1.1425\lib\net40\FubuMVC.Core.dll to ..\packages\FubuMVC.Core\lib\net40\FubuMVC.Core.dll
4/24/2013 10:56:53 AM: [Info] HintPath changed: ..\packages\FubuMVC.Core.Assets.0.9.9.425\lib\net40\FubuMVC.Core.Assets.dll to ..\packages\FubuMVC.Core.Assets\lib\net40\FubuMVC.Core.Assets.dll
4/24/2013 10:56:53 AM: [Info] HintPath changed: ..\packages\FubuMVC.Core.UI.1.0.1.450\lib\net40\FubuMVC.Core.UI.dll to ..\packages\FubuMVC.Core.UI\lib\net40\FubuMVC.Core.UI.dll
4/24/2013 10:56:53 AM: [Info] HintPath changed: ..\packages\FubuMVC.Core.View.1.0.0.427\lib\net40\FubuMVC.Core.View.dll to ..\packages\FubuMVC.Core.View\lib\net40\FubuMVC.Core.View.dll
4/24/2013 10:56:53 AM: [Info] HintPath changed: ..\packages\FubuMVC.JQueryUI.0.5.0.232\lib\net40\FubuMVC.JQueryUI.dll to ..\packages\FubuMVC.JQueryUI\lib\net40\FubuMVC.JQueryUI.dll
4/24/2013 10:56:53 AM: [Info] HintPath changed: ..\packages\FubuMVC.Media.0.9.5.323\lib\net40\FubuMVC.Media.dll to ..\packages\FubuMVC.Media\lib\net40\FubuMVC.Media.dll
4/24/2013 10:56:53 AM: [Info] HintPath changed: ..\packages\FubuMVC.Navigation.0.9.0.94\lib\net40\FubuMVC.Navigation.dll to ..\packages\FubuMVC.Navigation\lib\net40\FubuMVC.Navigation.dll
4/24/2013 10:56:53 AM: [Info] HintPath changed: ..\packages\FubuMVC.SlickGrid.0.0.0.533\lib\net40\FubuMVC.SlickGrid.dll to ..\packages\FubuMVC.SlickGrid\lib\net40\FubuMVC.SlickGrid.dll
4/24/2013 10:56:53 AM: [Info] HintPath changed: ..\packages\FubuMVC.Spark.1.0.0.427\lib\net40\FubuMVC.Spark.dll to ..\packages\FubuMVC.Spark\lib\net40\FubuMVC.Spark.dll
4/24/2013 10:56:53 AM: [Info] HintPath changed: ..\packages\FubuMVC.TwitterBootstrap.0.0.0.533\lib\net40\FubuMVC.TwitterBootstrap.dll to ..\packages\FubuMVC.TwitterBootstrap\lib\net40\FubuMVC.TwitterBootstrap.dll
4/24/2013 10:56:53 AM: [Info] HintPath changed: ..\packages\HtmlTags.1.2.0.150\lib\4.0\HtmlTags.dll to ..\packages\HtmlTags\lib\4.0\HtmlTags.dll
4/24/2013 10:56:53 AM: [Info] HintPath changed: ..\packages\Spark.1.7.5.0\lib\NET40\Spark.dll to ..\packages\Spark\lib\NET40\Spark.dll
4/24/2013 10:56:53 AM: [Info] HintPath changed: ..\packages\structuremap.2.6.3\lib\StructureMap.dll to ..\packages\structuremap\lib\StructureMap.dll
4/24/2013 10:56:53 AM: [Info] HintPath changed: ..\packages\Bottles.1.0.0.452\lib\Bottles.dll to ..\packages\Bottles\lib\Bottles.dll
4/24/2013 10:56:53 AM: [Info] HintPath changed: ..\packages\DotNetZip.1.9.1.8\lib\net20\Ionic.Zip.dll to ..\packages\DotNetZip\lib\net20\Ionic.Zip.dll
4/24/2013 10:56:53 AM: [Info] HintPath changed: ..\packages\FubuCore.1.0.2.232\lib\FubuCore.dll to ..\packages\FubuCore\lib\FubuCore.dll
4/24/2013 10:56:53 AM: [Info] HintPath changed: ..\packages\FubuLocalization.0.9.5.130\lib\FubuLocalization.dll to ..\packages\FubuLocalization\lib\FubuLocalization.dll
4/24/2013 10:56:53 AM: [Info] HintPath changed: ..\packages\FubuMVC.Core.1.0.1.1425\lib\net40\FubuMVC.Core.dll to ..\packages\FubuMVC.Core\lib\net40\FubuMVC.Core.dll
4/24/2013 10:56:53 AM: [Info] HintPath changed: ..\packages\FubuMVC.Core.Assets.0.9.9.425\lib\net40\FubuMVC.Core.Assets.dll to ..\packages\FubuMVC.Core.Assets\lib\net40\FubuMVC.Core.Assets.dll
4/24/2013 10:56:53 AM: [Info] HintPath changed: ..\packages\FubuMVC.Core.UI.1.0.1.450\lib\net40\FubuMVC.Core.UI.dll to ..\packages\FubuMVC.Core.UI\lib\net40\FubuMVC.Core.UI.dll
4/24/2013 10:56:53 AM: [Info] HintPath changed: ..\packages\FubuMVC.Core.View.1.0.0.427\lib\net40\FubuMVC.Core.View.dll to ..\packages\FubuMVC.Core.View\lib\net40\FubuMVC.Core.View.dll
4/24/2013 10:56:53 AM: [Info] HintPath changed: ..\packages\FubuMVC.JQueryUI.0.5.0.232\lib\net40\FubuMVC.JQueryUI.dll to ..\packages\FubuMVC.JQueryUI\lib\net40\FubuMVC.JQueryUI.dll
4/24/2013 10:56:53 AM: [Info] HintPath changed: ..\packages\FubuMVC.Media.0.9.5.323\lib\net40\FubuMVC.Media.dll to ..\packages\FubuMVC.Media\lib\net40\FubuMVC.Media.dll
4/24/2013 10:56:53 AM: [Info] HintPath changed: ..\packages\FubuMVC.Navigation.0.9.0.94\lib\net40\FubuMVC.Navigation.dll to ..\packages\FubuMVC.Navigation\lib\net40\FubuMVC.Navigation.dll
4/24/2013 10:56:53 AM: [Info] HintPath changed: ..\packages\FubuMVC.SlickGrid.0.0.0.533\lib\net40\FubuMVC.SlickGrid.dll to ..\packages\FubuMVC.SlickGrid\lib\net40\FubuMVC.SlickGrid.dll
4/24/2013 10:56:53 AM: [Info] HintPath changed: ..\packages\FubuMVC.TwitterBootstrap.0.0.0.533\lib\net40\FubuMVC.TwitterBootstrap.dll to ..\packages\FubuMVC.TwitterBootstrap\lib\net40\FubuMVC.TwitterBootstrap.dll
4/24/2013 10:56:53 AM: [Info] HintPath changed: ..\packages\FubuTestingSupport.1.0.2.232\lib\FubuTestingSupport.dll to ..\packages\FubuTestingSupport\lib\FubuTestingSupport.dll
4/24/2013 10:56:53 AM: [Info] HintPath changed: ..\packages\HtmlTags.1.2.0.150\lib\4.0\HtmlTags.dll to ..\packages\HtmlTags\lib\4.0\HtmlTags.dll
4/24/2013 10:56:53 AM: [Info] HintPath changed:  to ..\packages\NUnit\lib\nunit.framework.dll
4/24/2013 10:56:53 AM: [Info] HintPath changed:  to ..\packages\NUnit\lib\nunit.mocks.dll
4/24/2013 10:56:53 AM: [Info] HintPath changed:  to ..\packages\NUnit\lib\pnunit.framework.dll
4/24/2013 10:56:53 AM: [Info] HintPath changed:  to ..\packages\RhinoMocks\lib\net\Rhino.Mocks.dll
4/24/2013 10:56:53 AM: [Info] HintPath changed:  to ..\packages\structuremap\lib\StructureMap.dll
4/24/2013 10:56:53 AM: [Info] HintPath changed:  to ..\packages\structuremap.automocking\lib\StructureMap.AutoMocking.dll
4/24/2013 10:59:07 AM: [Info] Restoring dependencies for solution diagnostics to c:\code\FubuMVC.Diagnostics\src\packages
4/24/2013 10:59:07 AM: [Debug] 
====================================================================================================
RippleOperation: diagnostics
====================================================================================================
     ** Ripple Steps
          1.) ValidateRepository          Validate diagnostics                                      
          2.) DownloadMissingNugets       Download missing nugets for diagnostics                   
          3.) ExplodeDownloadedNugets     Explode nugets at c:\code\FubuMVC.Diagnostics\src\packages
          4.) ProcessDirectives           Process directives from nugets                            
          5.) FixReferences               Fix References                                            

4/24/2013 11:01:02 AM: [Info] Restoring dependencies for solution diagnostics to c:\code\FubuMVC.Diagnostics\src\packages
4/24/2013 11:01:02 AM: [Debug] 
====================================================================================================
RippleOperation: diagnostics
====================================================================================================
     ** Ripple Steps
          1.) ValidateRepository          Validate diagnostics                                      
          2.) DownloadMissingNugets       Download missing nugets for diagnostics                   
          3.) ExplodeDownloadedNugets     Explode nugets at c:\code\FubuMVC.Diagnostics\src\packages
          4.) ProcessDirectives           Process directives from nugets                            
          5.) FixReferences               Fix References                                            

5/24/2013 10:09:24 AM: [Info] Cleaning contents of directory C:\code\FubuMVC.Diagnostics\src\packages
5/24/2013 10:09:24 AM: [Info] Restoring dependencies for solution diagnostics to C:\code\FubuMVC.Diagnostics\src\packages
5/24/2013 10:09:24 AM: [Debug] 
====================================================================================================
RippleOperation: diagnostics (master)
====================================================================================================
     ** Ripple Steps
          1.) DownloadMissingNugets       Download missing nugets for diagnostics                   
          2.) ExplodeDownloadedNugets     Explode nugets at C:\code\FubuMVC.Diagnostics\src\packages
          3.) ProcessDirectives           Process directives from nugets                            
          4.) FixReferences               Fix References                                            

5/24/2013 10:09:27 AM: [Debug] Downloading From filesystem: C:\Users\jeremill\AppData\Roaming\ripple\Bottles.1.1.0.503.nupkg
5/24/2013 10:09:27 AM: [Debug] Downloading From filesystem: C:\Users\jeremill\AppData\Roaming\ripple\FubuCore.1.1.0.246.nupkg
5/24/2013 10:09:27 AM: [Debug] Downloading From filesystem: C:\Users\jeremill\AppData\Roaming\ripple\FubuMVC.Core.UI.1.0.1.450.nupkg
5/24/2013 10:09:27 AM: [Debug] Downloading From filesystem: C:\Users\jeremill\AppData\Roaming\ripple\FubuLocalization.0.9.5.146.nupkg
5/24/2013 10:09:27 AM: [Debug] Downloading Download and cache FubuMVC.Core.1.0.1.1484.nupkg
5/24/2013 10:09:27 AM: [Debug] Downloading Download and cache FubuMVC.Media.0.9.5.355.nupkg
5/24/2013 10:09:27 AM: [Debug] Downloading From filesystem: C:\Users\jeremill\AppData\Roaming\ripple\FubuMVC.Core.View.1.0.0.434.nupkg
5/24/2013 10:09:27 AM: [Debug] Downloading From filesystem: C:\Users\jeremill\AppData\Roaming\ripple\FubuMVC.SlickGrid.0.0.0.538.nupkg
5/24/2013 10:09:27 AM: [Debug] Downloading Download and cache FubuMVC.JQueryUI.0.5.0.263.nupkg
5/24/2013 10:09:27 AM: [Debug] Downloading From filesystem: C:\Users\jeremill\AppData\Roaming\ripple\FubuMVC.Core.Assets.0.9.9.425.nupkg
5/24/2013 10:09:27 AM: [Debug] Downloading From filesystem: C:\Users\jeremill\AppData\Roaming\ripple\FubuTestingSupport.1.1.0.246.nupkg
5/24/2013 10:09:27 AM: [Debug] Downloading From filesystem: C:\Users\jeremill\AppData\Roaming\ripple\FubuMVC.Navigation.0.9.0.94.nupkg
5/24/2013 10:09:27 AM: [Debug] Downloading Download and cache FubuMVC.Spark.1.0.0.434.nupkg
5/24/2013 10:09:27 AM: [Debug] Downloading Download and cache FubuMVC.StructureMap.1.0.1.1484.nupkg
5/24/2013 10:09:27 AM: [Debug] Downloading From filesystem: C:\Users\jeremill\AppData\Roaming\ripple\FubuMVC.TwitterBootstrap.0.0.0.533.nupkg
5/24/2013 10:09:29 AM: [Debug] Downloading From filesystem: C:\Users\jeremill\AppData\Roaming\ripple\NUnit.2.5.10.11092.nupkg
5/24/2013 10:09:29 AM: [Debug] Downloading From filesystem: C:\Users\jeremill\AppData\Roaming\ripple\HtmlTags.1.3.0.165.nupkg
5/24/2013 10:09:31 AM: [Debug] Downloading From filesystem: C:\Users\jeremill\AppData\Roaming\ripple\RhinoMocks.3.6.1.0.nupkg
5/24/2013 10:09:32 AM: [Debug] Downloading From filesystem: C:\Users\jeremill\AppData\Roaming\ripple\Spark.1.7.5.0.nupkg
5/24/2013 10:09:34 AM: [Debug] Downloading From filesystem: C:\Users\jeremill\AppData\Roaming\ripple\structuremap.2.6.3.0.nupkg
5/24/2013 10:09:36 AM: [Debug] Downloading From filesystem: C:\Users\jeremill\AppData\Roaming\ripple\structuremap.automocking.2.6.3.0.nupkg
5/24/2013 10:09:36 AM: [Debug] Exploding Name: FubuCore, Version: 1.1.0.246, IsPreRelease: False
5/24/2013 10:09:36 AM: [Info] Exploding to C:\code\FubuMVC.Diagnostics\src\packages\FubuCore
5/24/2013 10:09:36 AM: [Debug] Exploding Name: Bottles, Version: 1.1.0.503, IsPreRelease: False
5/24/2013 10:09:36 AM: [Info] Exploding to C:\code\FubuMVC.Diagnostics\src\packages\Bottles
5/24/2013 10:09:36 AM: [Debug] Exploding Name: FubuMVC.Core.UI, Version: 1.0.1.450, IsPreRelease: False
5/24/2013 10:09:36 AM: [Info] Exploding to C:\code\FubuMVC.Diagnostics\src\packages\FubuMVC.Core.UI
5/24/2013 10:09:36 AM: [Debug] Exploding Name: FubuLocalization, Version: 0.9.5.146, IsPreRelease: False
5/24/2013 10:09:36 AM: [Info] Exploding to C:\code\FubuMVC.Diagnostics\src\packages\FubuLocalization
5/24/2013 10:09:36 AM: [Debug] Exploding Name: FubuMVC.Core.View, Version: 1.0.0.434, IsPreRelease: False
5/24/2013 10:09:36 AM: [Info] Exploding to C:\code\FubuMVC.Diagnostics\src\packages\FubuMVC.Core.View
5/24/2013 10:09:36 AM: [Debug] Exploding Name: FubuMVC.SlickGrid, Version: 0.0.0.538, IsPreRelease: False
5/24/2013 10:09:36 AM: [Info] Exploding to C:\code\FubuMVC.Diagnostics\src\packages\FubuMVC.SlickGrid
5/24/2013 10:09:36 AM: [Debug] Exploding Name: FubuTestingSupport, Version: 1.1.0.246, IsPreRelease: False
5/24/2013 10:09:36 AM: [Info] Exploding to C:\code\FubuMVC.Diagnostics\src\packages\FubuTestingSupport
5/24/2013 10:09:36 AM: [Debug] Exploding Name: FubuMVC.Navigation, Version: 0.9.0.94, IsPreRelease: False
5/24/2013 10:09:36 AM: [Info] Exploding to C:\code\FubuMVC.Diagnostics\src\packages\FubuMVC.Navigation
5/24/2013 10:09:36 AM: [Debug] Exploding Name: FubuMVC.Core.Assets, Version: 0.9.9.425, IsPreRelease: False
5/24/2013 10:09:36 AM: [Info] Exploding to C:\code\FubuMVC.Diagnostics\src\packages\FubuMVC.Core.Assets
5/24/2013 10:09:36 AM: [Debug] Exploding Name: FubuMVC.TwitterBootstrap, Version: 0.0.0.533, IsPreRelease: False
5/24/2013 10:09:36 AM: [Info] Exploding to C:\code\FubuMVC.Diagnostics\src\packages\FubuMVC.TwitterBootstrap
5/24/2013 10:09:36 AM: [Debug] Exploding Name: FubuMVC.StructureMap, Version: 1.0.1.1484, IsPreRelease: False
5/24/2013 10:09:36 AM: [Info] Exploding to C:\code\FubuMVC.Diagnostics\src\packages\FubuMVC.StructureMap
5/24/2013 10:09:36 AM: [Debug] Exploding Name: FubuMVC.Media, Version: 0.9.5.355, IsPreRelease: False
5/24/2013 10:09:36 AM: [Info] Exploding to C:\code\FubuMVC.Diagnostics\src\packages\FubuMVC.Media
5/24/2013 10:09:36 AM: [Debug] Exploding Name: FubuMVC.Spark, Version: 1.0.0.434, IsPreRelease: False
5/24/2013 10:09:36 AM: [Info] Exploding to C:\code\FubuMVC.Diagnostics\src\packages\FubuMVC.Spark
5/24/2013 10:09:36 AM: [Debug] Exploding Name: FubuMVC.JQueryUI, Version: 0.5.0.263, IsPreRelease: False
5/24/2013 10:09:36 AM: [Info] Exploding to C:\code\FubuMVC.Diagnostics\src\packages\FubuMVC.JQueryUI
5/24/2013 10:09:36 AM: [Debug] Exploding Name: NUnit, Version: 2.5.10.11092, IsPreRelease: False
5/24/2013 10:09:36 AM: [Info] Exploding to C:\code\FubuMVC.Diagnostics\src\packages\NUnit
5/24/2013 10:09:37 AM: [Debug] Exploding Name: HtmlTags, Version: 1.3.0.165, IsPreRelease: False
5/24/2013 10:09:37 AM: [Info] Exploding to C:\code\FubuMVC.Diagnostics\src\packages\HtmlTags
5/24/2013 10:09:37 AM: [Debug] Exploding Name: FubuMVC.Core, Version: 1.0.1.1484, IsPreRelease: False
5/24/2013 10:09:37 AM: [Info] Exploding to C:\code\FubuMVC.Diagnostics\src\packages\FubuMVC.Core
5/24/2013 10:09:37 AM: [Debug] Exploding Name: RhinoMocks, Version: 3.6.1.0, IsPreRelease: False
5/24/2013 10:09:37 AM: [Info] Exploding to C:\code\FubuMVC.Diagnostics\src\packages\RhinoMocks
5/24/2013 10:09:37 AM: [Debug] Exploding Name: Spark, Version: 1.7.5.0, IsPreRelease: False
5/24/2013 10:09:37 AM: [Info] Exploding to C:\code\FubuMVC.Diagnostics\src\packages\Spark
5/24/2013 10:09:37 AM: [Debug] Exploding Name: structuremap, Version: 2.6.3.0, IsPreRelease: False
5/24/2013 10:09:37 AM: [Info] Exploding to C:\code\FubuMVC.Diagnostics\src\packages\structuremap
5/24/2013 10:09:37 AM: [Debug] Exploding Name: structuremap.automocking, Version: 2.6.3.0, IsPreRelease: False
5/24/2013 10:09:37 AM: [Info] Exploding to C:\code\FubuMVC.Diagnostics\src\packages\structuremap.automocking
5/24/2013 10:13:08 AM: [Debug] Solution diagnostics
5/24/2013 10:13:08 AM: [Info] Cleaning Solution diagnostics at C:\code\FubuMVC.Diagnostics
5/24/2013 10:13:08 AM: [Info] Cleaning contents of directory C:\code\FubuMVC.Diagnostics\src\packages
5/24/2013 10:13:09 AM: [Info] Cleaning contents of directory C:\code\FubuMVC.Diagnostics\src\DiagnosticsHarness\bin
5/24/2013 10:13:09 AM: [Info] Cleaning contents of directory C:\code\FubuMVC.Diagnostics\src\DiagnosticsHarness\obj
5/24/2013 10:13:09 AM: [Info] Cleaning contents of directory C:\code\FubuMVC.Diagnostics\src\FubuMVC.Diagnostics\bin
5/24/2013 10:13:09 AM: [Info] Cleaning contents of directory C:\code\FubuMVC.Diagnostics\src\FubuMVC.Diagnostics\obj
5/24/2013 10:13:09 AM: [Info] Cleaning contents of directory C:\code\FubuMVC.Diagnostics\src\FubuMVC.Diagnostics.Tests\bin
5/24/2013 10:13:09 AM: [Info] Cleaning contents of directory C:\code\FubuMVC.Diagnostics\src\FubuMVC.Diagnostics.Tests\obj
5/24/2013 10:13:10 AM: [Info] Restoring dependencies for solution diagnostics to C:\code\FubuMVC.Diagnostics\src\packages
5/24/2013 10:13:10 AM: [Debug] 
====================================================================================================
RippleOperation: diagnostics (master)
====================================================================================================
     ** Ripple Steps
          1.) DownloadMissingNugets       Download missing nugets for diagnostics                   
          2.) ExplodeDownloadedNugets     Explode nugets at C:\code\FubuMVC.Diagnostics\src\packages
          3.) ProcessDirectives           Process directives from nugets                            
          4.) FixReferences               Fix References                                            

5/24/2013 10:13:14 AM: [Debug] Downloading Download and cache Bottles.1.1.0.504.nupkg
5/24/2013 10:13:14 AM: [Debug] Downloading From filesystem: C:\Users\jeremill\AppData\Roaming\ripple\FubuMVC.Core.View.1.0.0.434.nupkg
5/24/2013 10:13:14 AM: [Debug] Downloading From filesystem: C:\Users\jeremill\AppData\Roaming\ripple\FubuMVC.Core.Assets.0.9.9.425.nupkg
5/24/2013 10:13:14 AM: [Debug] Downloading From filesystem: C:\Users\jeremill\AppData\Roaming\ripple\FubuLocalization.0.9.5.146.nupkg
5/24/2013 10:13:14 AM: [Debug] Downloading From filesystem: C:\Users\jeremill\AppData\Roaming\ripple\FubuMVC.Core.UI.1.0.1.450.nupkg
5/24/2013 10:13:14 AM: [Debug] Downloading From filesystem: C:\Users\jeremill\AppData\Roaming\ripple\FubuMVC.JQueryUI.0.5.0.263.nupkg
5/24/2013 10:13:15 AM: [Debug] Downloading From filesystem: C:\Users\jeremill\AppData\Roaming\ripple\FubuMVC.Spark.1.0.0.434.nupkg
5/24/2013 10:13:14 AM: [Debug] Downloading Download and cache FubuMVC.Core.1.1.0.1486.nupkg
5/24/2013 10:13:14 AM: [Debug] Downloading From filesystem: C:\Users\jeremill\AppData\Roaming\ripple\FubuMVC.Media.0.9.5.355.nupkg
5/24/2013 10:13:15 AM: [Debug] Downloading From filesystem: C:\Users\jeremill\AppData\Roaming\ripple\FubuMVC.Navigation.0.9.0.94.nupkg
5/24/2013 10:13:15 AM: [Debug] Downloading From filesystem: C:\Users\jeremill\AppData\Roaming\ripple\FubuMVC.SlickGrid.0.0.0.538.nupkg
5/24/2013 10:13:14 AM: [Debug] Downloading From filesystem: C:\Users\jeremill\AppData\Roaming\ripple\FubuCore.1.1.0.246.nupkg
5/24/2013 10:13:15 AM: [Debug] Downloading From filesystem: C:\Users\jeremill\AppData\Roaming\ripple\FubuTestingSupport.1.1.0.246.nupkg
5/24/2013 10:13:15 AM: [Debug] Downloading Download and cache FubuMVC.StructureMap.1.1.0.1486.nupkg
5/24/2013 10:13:15 AM: [Debug] Downloading From filesystem: C:\Users\jeremill\AppData\Roaming\ripple\FubuMVC.TwitterBootstrap.0.0.0.533.nupkg
5/24/2013 10:13:17 AM: [Debug] Downloading From filesystem: C:\Users\jeremill\AppData\Roaming\ripple\RhinoMocks.3.6.1.0.nupkg
5/24/2013 10:13:17 AM: [Debug] Downloading From filesystem: C:\Users\jeremill\AppData\Roaming\ripple\HtmlTags.1.3.0.165.nupkg
5/24/2013 10:13:18 AM: [Debug] Downloading From filesystem: C:\Users\jeremill\AppData\Roaming\ripple\NUnit.2.5.10.11092.nupkg
5/24/2013 10:13:19 AM: [Debug] Downloading From filesystem: C:\Users\jeremill\AppData\Roaming\ripple\Spark.1.7.5.0.nupkg
5/24/2013 10:13:21 AM: [Debug] Downloading From filesystem: C:\Users\jeremill\AppData\Roaming\ripple\structuremap.automocking.2.6.3.0.nupkg
5/24/2013 10:13:22 AM: [Debug] Downloading From filesystem: C:\Users\jeremill\AppData\Roaming\ripple\structuremap.2.6.3.0.nupkg
5/24/2013 10:13:22 AM: [Debug] Exploding Name: FubuMVC.Core.View, Version: 1.0.0.434, IsPreRelease: False
5/24/2013 10:13:22 AM: [Info] Exploding to C:\code\FubuMVC.Diagnostics\src\packages\FubuMVC.Core.View
5/24/2013 10:13:22 AM: [Debug] Exploding Name: FubuMVC.Core.Assets, Version: 0.9.9.425, IsPreRelease: False
5/24/2013 10:13:22 AM: [Info] Exploding to C:\code\FubuMVC.Diagnostics\src\packages\FubuMVC.Core.Assets
5/24/2013 10:13:22 AM: [Debug] Exploding Name: FubuLocalization, Version: 0.9.5.146, IsPreRelease: False
5/24/2013 10:13:22 AM: [Info] Exploding to C:\code\FubuMVC.Diagnostics\src\packages\FubuLocalization
5/24/2013 10:13:22 AM: [Debug] Exploding Name: FubuMVC.Core.UI, Version: 1.0.1.450, IsPreRelease: False
5/24/2013 10:13:22 AM: [Info] Exploding to C:\code\FubuMVC.Diagnostics\src\packages\FubuMVC.Core.UI
5/24/2013 10:13:22 AM: [Debug] Exploding Name: FubuMVC.JQueryUI, Version: 0.5.0.263, IsPreRelease: False
5/24/2013 10:13:22 AM: [Info] Exploding to C:\code\FubuMVC.Diagnostics\src\packages\FubuMVC.JQueryUI
5/24/2013 10:13:23 AM: [Debug] Exploding Name: FubuMVC.Spark, Version: 1.0.0.434, IsPreRelease: False
5/24/2013 10:13:23 AM: [Info] Exploding to C:\code\FubuMVC.Diagnostics\src\packages\FubuMVC.Spark
5/24/2013 10:13:23 AM: [Debug] Exploding Name: FubuMVC.Media, Version: 0.9.5.355, IsPreRelease: False
5/24/2013 10:13:23 AM: [Info] Exploding to C:\code\FubuMVC.Diagnostics\src\packages\FubuMVC.Media
5/24/2013 10:13:23 AM: [Debug] Exploding Name: FubuMVC.Navigation, Version: 0.9.0.94, IsPreRelease: False
5/24/2013 10:13:23 AM: [Info] Exploding to C:\code\FubuMVC.Diagnostics\src\packages\FubuMVC.Navigation
5/24/2013 10:13:23 AM: [Debug] Exploding Name: FubuMVC.SlickGrid, Version: 0.0.0.538, IsPreRelease: False
5/24/2013 10:13:23 AM: [Info] Exploding to C:\code\FubuMVC.Diagnostics\src\packages\FubuMVC.SlickGrid
5/24/2013 10:13:23 AM: [Debug] Exploding Name: FubuCore, Version: 1.1.0.246, IsPreRelease: False
5/24/2013 10:13:23 AM: [Info] Exploding to C:\code\FubuMVC.Diagnostics\src\packages\FubuCore
5/24/2013 10:13:23 AM: [Debug] Exploding Name: FubuTestingSupport, Version: 1.1.0.246, IsPreRelease: False
5/24/2013 10:13:23 AM: [Info] Exploding to C:\code\FubuMVC.Diagnostics\src\packages\FubuTestingSupport
5/24/2013 10:13:23 AM: [Debug] Exploding Name: FubuMVC.TwitterBootstrap, Version: 0.0.0.533, IsPreRelease: False
5/24/2013 10:13:23 AM: [Info] Exploding to C:\code\FubuMVC.Diagnostics\src\packages\FubuMVC.TwitterBootstrap
5/24/2013 10:13:23 AM: [Debug] Exploding Name: FubuMVC.StructureMap, Version: 1.1.0.1486, IsPreRelease: False
5/24/2013 10:13:23 AM: [Info] Exploding to C:\code\FubuMVC.Diagnostics\src\packages\FubuMVC.StructureMap
5/24/2013 10:13:23 AM: [Debug] Exploding Name: RhinoMocks, Version: 3.6.1.0, IsPreRelease: False
5/24/2013 10:13:23 AM: [Info] Exploding to C:\code\FubuMVC.Diagnostics\src\packages\RhinoMocks
5/24/2013 10:13:23 AM: [Debug] Exploding Name: HtmlTags, Version: 1.3.0.165, IsPreRelease: False
5/24/2013 10:13:23 AM: [Info] Exploding to C:\code\FubuMVC.Diagnostics\src\packages\HtmlTags
5/24/2013 10:13:23 AM: [Debug] Exploding Name: NUnit, Version: 2.5.10.11092, IsPreRelease: False
5/24/2013 10:13:23 AM: [Info] Exploding to C:\code\FubuMVC.Diagnostics\src\packages\NUnit
5/24/2013 10:13:23 AM: [Debug] Exploding Name: FubuMVC.Core, Version: 1.1.0.1486, IsPreRelease: False
5/24/2013 10:13:23 AM: [Info] Exploding to C:\code\FubuMVC.Diagnostics\src\packages\FubuMVC.Core
5/24/2013 10:13:23 AM: [Debug] Exploding Name: Spark, Version: 1.7.5.0, IsPreRelease: False
5/24/2013 10:13:23 AM: [Info] Exploding to C:\code\FubuMVC.Diagnostics\src\packages\Spark
5/24/2013 10:13:23 AM: [Debug] Exploding Name: Bottles, Version: 1.1.0.504, IsPreRelease: False
5/24/2013 10:13:23 AM: [Info] Exploding to C:\code\FubuMVC.Diagnostics\src\packages\Bottles
5/24/2013 10:13:24 AM: [Debug] Exploding Name: structuremap.automocking, Version: 2.6.3.0, IsPreRelease: False
5/24/2013 10:13:24 AM: [Info] Exploding to C:\code\FubuMVC.Diagnostics\src\packages\structuremap.automocking
5/24/2013 10:13:24 AM: [Debug] Exploding Name: structuremap, Version: 2.6.3.0, IsPreRelease: False
5/24/2013 10:13:24 AM: [Info] Exploding to C:\code\FubuMVC.Diagnostics\src\packages\structuremap
5/24/2013 10:20:10 AM: [Info] Restoring dependencies for solution diagnostics to C:\code\FubuMVC.Diagnostics\src\packages
5/24/2013 10:20:10 AM: [Debug] 
====================================================================================================
RippleOperation: diagnostics (master)
====================================================================================================
     ** Ripple Steps
          1.) DownloadMissingNugets       Download missing nugets for diagnostics                   
          2.) ExplodeDownloadedNugets     Explode nugets at C:\code\FubuMVC.Diagnostics\src\packages
          3.) ProcessDirectives           Process directives from nugets                            
          4.) FixReferences               Fix References                                            

6/6/2013 3:33:35 PM: [Info] Restoring dependencies for solution diagnostics to C:\code\FubuMVC.Diagnostics\src\packages
6/6/2013 3:33:35 PM: [Debug] 
====================================================================================================
RippleOperation: diagnostics (fix)
====================================================================================================
     ** Ripple Steps
          1.) DownloadMissingNugets       Download missing nugets for diagnostics                   
          2.) ExplodeDownloadedNugets     Explode nugets at C:\code\FubuMVC.Diagnostics\src\packages
          3.) ProcessDirectives           Process directives from nugets                            
          4.) FixReferences               Fix References                                            

6/7/2013 10:42:49 AM: [Info] Restoring dependencies for solution diagnostics to C:\code\FubuMVC.Diagnostics\src\packages
6/7/2013 10:42:49 AM: [Debug] 
====================================================================================================
RippleOperation: diagnostics (fix)
====================================================================================================
     ** Ripple Steps
          1.) DownloadMissingNugets       Download missing nugets for diagnostics                   
          2.) ExplodeDownloadedNugets     Explode nugets at C:\code\FubuMVC.Diagnostics\src\packages
          3.) ProcessDirectives           Process directives from nugets                            
          4.) FixReferences               Fix References                                            

6/7/2013 10:42:51 AM: [Info] HintPath changed:  to ..\packages\FubuMVC.StructureMap\lib\net40\FubuMVC.StructureMap.dll
6/7/2013 11:15:05 AM: [Error] Project FubuMVC.Diagnostics.Testing does not exist
6/7/2013 11:15:05 AM: [Error] ripple.RippleFatalError: Project FubuMVC.Diagnostics.Testing does not exist
6/7/2013 11:15:18 AM: [Info] Install FubuMVC.Katana to Solution diagnostics
6/7/2013 11:15:18 AM: [Debug] 
====================================================================================================
RippleOperation: diagnostics (fix)
====================================================================================================
     ** Ripple Steps
          1.) NugetOperation              ripple.Steps.NugetOperation                               
          2.) DownloadMissingNugets       Download missing nugets for diagnostics                   
          3.) ExplodeDownloadedNugets     Explode nugets at C:\code\FubuMVC.Diagnostics\src\packages
          4.) FixReferences               Fix References                                            

6/7/2013 11:15:18 AM: [Info] * Analyzing FubuMVC.Katana
6/7/2013 11:15:30 AM: [Debug] Searching for HtmlTags,1.1.0.114 from http://build.fubu-project.org/guestAuth/app/nuget/v1/FeedService.svc
6/7/2013 11:15:35 AM: [Debug] Searching for Owin,1.0 from http://build.fubu-project.org/guestAuth/app/nuget/v1/FeedService.svc
6/7/2013 11:15:43 AM: [Debug] Searching for Owin,1.0 from http://nuget.org/api/v2
6/7/2013 11:15:45 AM: [Debug] Searching for Owin.Extensions,0.6.4 from http://build.fubu-project.org/guestAuth/app/nuget/v1/FeedService.svc
6/7/2013 11:15:47 AM: [Debug] Searching for Owin.Extensions,0.6.4 from http://nuget.org/api/v2
6/7/2013 11:15:47 AM: [Debug] Searching for Owin.Types,0.8.5 from http://build.fubu-project.org/guestAuth/app/nuget/v1/FeedService.svc
6/7/2013 11:15:51 AM: [Debug] Searching for Owin.Types,0.8.5 from http://nuget.org/api/v2
6/7/2013 11:15:51 AM: [Info] * Analyzing Bottles,1.0.0.412
6/7/2013 11:15:51 AM: [Info] * Analyzing FubuCore,1.0.0.210
6/7/2013 11:15:51 AM: [Info] * Analyzing FubuLocalization,0.9.5.48
6/7/2013 11:15:51 AM: [Info] * Analyzing FubuMVC.Core
6/7/2013 11:15:51 AM: [Info] * Analyzing HtmlTags,1.1.0.114
6/7/2013 11:15:51 AM: [Info] * Analyzing FubuMVC.OwinHost
6/7/2013 11:15:54 AM: [Info] * Analyzing Owin,1.0
6/7/2013 11:15:54 AM: [Info] * Analyzing Owin.Extensions,0.6.4
6/7/2013 11:15:54 AM: [Info] * Analyzing Owin.Types,0.8.5
6/7/2013 11:15:54 AM: [Info] 
=============================================================================================
NugetPlan: 
=============================================================================================
     ** Steps
        * InstallSolutionDependency     Install FubuMVC.Katana,1.1.0.1504 to solution        
        * InstallProjectDependency      Install FubuMVC.Katana to FubuMVC.Diagnostics.Tests  
        * UpdateDependency              Update FubuMVC.Core,1.1.0.1504                       
        * InstallSolutionDependency     Install FubuMVC.OwinHost,1.1.0.1504 to solution      
        * InstallProjectDependency      Install FubuMVC.OwinHost to FubuMVC.Diagnostics.Tests
        * InstallSolutionDependency     Install Owin,1.0 to solution                         
        * InstallProjectDependency      Install Owin to FubuMVC.Diagnostics.Tests            
        * InstallSolutionDependency     Install Owin.Extensions,0.6.4 to solution            
        * InstallProjectDependency      Install Owin.Extensions to FubuMVC.Diagnostics.Tests 
        * InstallSolutionDependency     Install Owin.Types,0.8.5 to solution                 
        * InstallProjectDependency      Install Owin.Types to FubuMVC.Diagnostics.Tests      

6/7/2013 11:15:54 AM: [Debug] Downloading From filesystem: C:\Users\jeremill\AppData\Roaming\ripple\FubuMVC.Core.1.1.0.1504.nupkg
6/7/2013 11:15:54 AM: [Debug] Downloading From filesystem: C:\Users\jeremill\AppData\Roaming\ripple\Owin.1.0.0.0.nupkg
6/7/2013 11:15:54 AM: [Debug] Downloading From filesystem: C:\Users\jeremill\AppData\Roaming\ripple\Owin.Types.0.8.5.0.nupkg
6/7/2013 11:15:54 AM: [Debug] Downloading From filesystem: C:\Users\jeremill\AppData\Roaming\ripple\Owin.Extensions.0.8.5.0.nupkg
6/7/2013 11:15:54 AM: [Debug] Downloading Download and cache FubuMVC.OwinHost.1.1.0.1504.nupkg
6/7/2013 11:15:54 AM: [Debug] Downloading Download and cache FubuMVC.Katana.1.1.0.1504.nupkg
6/7/2013 11:15:55 AM: [Debug] Exploding Name: Owin, Version: 1.0.0.0, IsPreRelease: False
6/7/2013 11:15:55 AM: [Info] Exploding to C:\code\FubuMVC.Diagnostics\src\packages\Owin
6/7/2013 11:15:55 AM: [Debug] Exploding Name: FubuMVC.Core, Version: 1.1.0.1504, IsPreRelease: False
6/7/2013 11:15:55 AM: [Info] Exploding to C:\code\FubuMVC.Diagnostics\src\packages\FubuMVC.Core
6/7/2013 11:15:55 AM: [Debug] Exploding Name: Owin.Types, Version: 0.8.5.0, IsPreRelease: False
6/7/2013 11:15:55 AM: [Info] Exploding to C:\code\FubuMVC.Diagnostics\src\packages\Owin.Types
6/7/2013 11:15:55 AM: [Debug] Exploding Name: Owin.Extensions, Version: 0.8.5.0, IsPreRelease: False
6/7/2013 11:15:55 AM: [Info] Exploding to C:\code\FubuMVC.Diagnostics\src\packages\Owin.Extensions
6/7/2013 11:15:55 AM: [Debug] Exploding Name: FubuMVC.OwinHost, Version: 1.1.0.1504, IsPreRelease: False
6/7/2013 11:15:55 AM: [Info] Exploding to C:\code\FubuMVC.Diagnostics\src\packages\FubuMVC.OwinHost
6/7/2013 11:15:55 AM: [Debug] Exploding Name: FubuMVC.Katana, Version: 1.1.0.1504, IsPreRelease: False
6/7/2013 11:15:55 AM: [Info] Exploding to C:\code\FubuMVC.Diagnostics\src\packages\FubuMVC.Katana
6/7/2013 11:15:56 AM: [Info] HintPath changed:  to ..\packages\FubuMVC.Katana\lib\net40\FubuMVC.Katana.dll
6/7/2013 11:15:56 AM: [Info] HintPath changed:  to ..\packages\FubuMVC.Katana\lib\net40\Microsoft.Owin.Host.HttpListener.dll
6/7/2013 11:15:56 AM: [Info] HintPath changed:  to ..\packages\FubuMVC.Katana\lib\net40\Microsoft.Owin.Hosting.dll
6/7/2013 11:15:56 AM: [Info] HintPath changed:  to ..\packages\FubuMVC.OwinHost\lib\net40\FubuMVC.OwinHost.dll
6/7/2013 11:15:57 AM: [Info] HintPath changed:  to ..\packages\Owin\lib\net40\Owin.dll
6/7/2013 11:15:57 AM: [Info] HintPath changed:  to ..\packages\Owin.Extensions\lib\net40\Owin.Extensions.dll
6/7/2013 11:15:57 AM: [Info] HintPath changed:  to ..\packages\Owin.Types\lib\net40\Owin.Types.dll
6/7/2013 11:21:02 AM: [Debug] Solution diagnostics
6/7/2013 11:21:02 AM: [Info] Cleaning Solution diagnostics at C:\code\FubuMVC.Diagnostics
6/7/2013 11:21:02 AM: [Info] Cleaning contents of directory C:\code\FubuMVC.Diagnostics\src\packages
6/7/2013 11:21:04 AM: [Info] Restoring dependencies for solution diagnostics to C:\code\FubuMVC.Diagnostics\src\packages
6/7/2013 11:21:04 AM: [Debug] 
====================================================================================================
RippleOperation: diagnostics (fix)
====================================================================================================
     ** Ripple Steps
          1.) DownloadMissingNugets       Download missing nugets for diagnostics                   
          2.) ExplodeDownloadedNugets     Explode nugets at C:\code\FubuMVC.Diagnostics\src\packages
          3.) ProcessDirectives           Process directives from nugets                            
          4.) FixReferences               Fix References                                            

6/7/2013 11:21:09 AM: [Debug] Downloading From filesystem: C:\Users\jeremill\AppData\Roaming\ripple\Bottles.1.1.0.512.nupkg
6/7/2013 11:21:09 AM: [Debug] Downloading From filesystem: C:\Users\jeremill\AppData\Roaming\ripple\FubuMVC.Core.UI.1.0.1.533.nupkg
6/7/2013 11:21:09 AM: [Debug] Downloading From filesystem: C:\Users\jeremill\AppData\Roaming\ripple\FubuMVC.Core.1.1.0.1504.nupkg
6/7/2013 11:21:09 AM: [Debug] Downloading Download and cache FubuMVC.Core.Assets.0.9.9.505.nupkg
6/7/2013 11:21:09 AM: [Debug] Downloading From filesystem: C:\Users\jeremill\AppData\Roaming\ripple\FubuLocalization.0.9.5.146.nupkg
6/7/2013 11:21:09 AM: [Debug] Downloading From filesystem: C:\Users\jeremill\AppData\Roaming\ripple\FubuMVC.Core.View.1.0.0.509.nupkg
6/7/2013 11:21:09 AM: [Debug] Downloading From filesystem: C:\Users\jeremill\AppData\Roaming\ripple\FubuMVC.JQueryUI.0.5.0.277.nupkg
6/7/2013 11:21:09 AM: [Debug] Downloading Download and cache FubuMVC.Media.0.9.5.369.nupkg
6/7/2013 11:21:09 AM: [Debug] Downloading From filesystem: C:\Users\jeremill\AppData\Roaming\ripple\FubuCore.1.1.0.249.nupkg
6/7/2013 11:21:09 AM: [Debug] Downloading Download and cache FubuMVC.Navigation.0.9.0.141.nupkg
6/7/2013 11:21:09 AM: [Debug] Downloading From filesystem: C:\Users\jeremill\AppData\Roaming\ripple\FubuMVC.Katana.1.1.0.1504.nupkg
6/7/2013 11:21:09 AM: [Debug] Downloading From filesystem: C:\Users\jeremill\AppData\Roaming\ripple\FubuMVC.SlickGrid.0.0.0.617.nupkg
6/7/2013 11:21:09 AM: [Debug] Downloading Download and cache FubuMVC.Spark.1.0.0.509.nupkg
6/7/2013 11:21:09 AM: [Debug] Downloading From filesystem: C:\Users\jeremill\AppData\Roaming\ripple\FubuMVC.TwitterBootstrap.0.0.0.611.nupkg
6/7/2013 11:21:09 AM: [Debug] Searching for HtmlTags from http://build.fubu-project.org/guestAuth/app/nuget/v1/FeedService.svc
6/7/2013 11:21:09 AM: [Debug] Downloading Download and cache FubuMVC.StructureMap.1.1.0.1504.nupkg
6/7/2013 11:21:09 AM: [Debug] Downloading From filesystem: C:\Users\jeremill\AppData\Roaming\ripple\FubuMVC.OwinHost.1.1.0.1504.nupkg
6/7/2013 11:21:09 AM: [Debug] Downloading From filesystem: C:\Users\jeremill\AppData\Roaming\ripple\FubuTestingSupport.1.1.0.249.nupkg
6/7/2013 11:21:11 AM: [Debug] Downloading From filesystem: C:\Users\jeremill\AppData\Roaming\ripple\HtmlTags.2.0.0.168.nupkg
6/7/2013 11:21:14 AM: [Debug] Downloading From filesystem: C:\Users\jeremill\AppData\Roaming\ripple\NUnit.2.5.10.11092.nupkg
6/7/2013 11:21:15 AM: [Debug] Downloading From filesystem: C:\Users\jeremill\AppData\Roaming\ripple\Owin.1.0.0.0.nupkg
6/7/2013 11:21:17 AM: [Debug] Downloading From filesystem: C:\Users\jeremill\AppData\Roaming\ripple\Owin.Extensions.0.6.4.0.nupkg
6/7/2013 11:21:18 AM: [Debug] Downloading From filesystem: C:\Users\jeremill\AppData\Roaming\ripple\Owin.Types.0.8.5.0.nupkg
6/7/2013 11:21:20 AM: [Debug] Downloading From filesystem: C:\Users\jeremill\AppData\Roaming\ripple\Spark.1.7.5.0.nupkg
6/7/2013 11:21:21 AM: [Debug] Downloading From filesystem: C:\Users\jeremill\AppData\Roaming\ripple\RhinoMocks.3.6.1.0.nupkg
6/7/2013 11:21:24 AM: [Debug] Downloading From filesystem: C:\Users\jeremill\AppData\Roaming\ripple\structuremap.2.6.3.0.nupkg
6/7/2013 11:21:24 AM: [Debug] Exploding Name: FubuMVC.Core, Version: 1.1.0.1504, IsPreRelease: False
6/7/2013 11:21:24 AM: [Info] Exploding to C:\code\FubuMVC.Diagnostics\src\packages\FubuMVC.Core
6/7/2013 11:21:24 AM: [Debug] Exploding Name: FubuMVC.Core.UI, Version: 1.0.1.533, IsPreRelease: False
6/7/2013 11:21:24 AM: [Info] Exploding to C:\code\FubuMVC.Diagnostics\src\packages\FubuMVC.Core.UI
6/7/2013 11:21:24 AM: [Debug] Exploding Name: FubuMVC.Core.View, Version: 1.0.0.509, IsPreRelease: False
6/7/2013 11:21:24 AM: [Info] Exploding to C:\code\FubuMVC.Diagnostics\src\packages\FubuMVC.Core.View
6/7/2013 11:21:24 AM: [Debug] Exploding Name: FubuLocalization, Version: 0.9.5.146, IsPreRelease: False
6/7/2013 11:21:24 AM: [Info] Exploding to C:\code\FubuMVC.Diagnostics\src\packages\FubuLocalization
6/7/2013 11:21:24 AM: [Debug] Exploding Name: Bottles, Version: 1.1.0.512, IsPreRelease: False
6/7/2013 11:21:24 AM: [Info] Exploding to C:\code\FubuMVC.Diagnostics\src\packages\Bottles
6/7/2013 11:21:25 AM: [Debug] Exploding Name: FubuMVC.JQueryUI, Version: 0.5.0.277, IsPreRelease: False
6/7/2013 11:21:25 AM: [Info] Exploding to C:\code\FubuMVC.Diagnostics\src\packages\FubuMVC.JQueryUI
6/7/2013 11:21:25 AM: [Debug] Exploding Name: FubuMVC.Katana, Version: 1.1.0.1504, IsPreRelease: False
6/7/2013 11:21:25 AM: [Info] Exploding to C:\code\FubuMVC.Diagnostics\src\packages\FubuMVC.Katana
6/7/2013 11:21:25 AM: [Debug] Exploding Name: FubuMVC.TwitterBootstrap, Version: 0.0.0.611, IsPreRelease: False
6/7/2013 11:21:25 AM: [Info] Exploding to C:\code\FubuMVC.Diagnostics\src\packages\FubuMVC.TwitterBootstrap
6/7/2013 11:21:25 AM: [Debug] Exploding Name: FubuCore, Version: 1.1.0.249, IsPreRelease: False
6/7/2013 11:21:25 AM: [Info] Exploding to C:\code\FubuMVC.Diagnostics\src\packages\FubuCore
6/7/2013 11:21:25 AM: [Debug] Exploding Name: FubuMVC.SlickGrid, Version: 0.0.0.617, IsPreRelease: False
6/7/2013 11:21:25 AM: [Info] Exploding to C:\code\FubuMVC.Diagnostics\src\packages\FubuMVC.SlickGrid
6/7/2013 11:21:25 AM: [Debug] Exploding Name: FubuMVC.OwinHost, Version: 1.1.0.1504, IsPreRelease: False
6/7/2013 11:21:25 AM: [Info] Exploding to C:\code\FubuMVC.Diagnostics\src\packages\FubuMVC.OwinHost
6/7/2013 11:21:25 AM: [Debug] Exploding Name: FubuTestingSupport, Version: 1.1.0.249, IsPreRelease: False
6/7/2013 11:21:25 AM: [Info] Exploding to C:\code\FubuMVC.Diagnostics\src\packages\FubuTestingSupport
6/7/2013 11:21:25 AM: [Debug] Exploding Name: FubuMVC.StructureMap, Version: 1.1.0.1504, IsPreRelease: False
6/7/2013 11:21:25 AM: [Info] Exploding to C:\code\FubuMVC.Diagnostics\src\packages\FubuMVC.StructureMap
6/7/2013 11:21:25 AM: [Debug] Exploding Name: FubuMVC.Navigation, Version: 0.9.0.141, IsPreRelease: False
6/7/2013 11:21:25 AM: [Info] Exploding to C:\code\FubuMVC.Diagnostics\src\packages\FubuMVC.Navigation
6/7/2013 11:21:25 AM: [Debug] Exploding Name: FubuMVC.Media, Version: 0.9.5.369, IsPreRelease: False
6/7/2013 11:21:25 AM: [Info] Exploding to C:\code\FubuMVC.Diagnostics\src\packages\FubuMVC.Media
6/7/2013 11:21:25 AM: [Debug] Exploding Name: FubuMVC.Spark, Version: 1.0.0.509, IsPreRelease: False
6/7/2013 11:21:25 AM: [Info] Exploding to C:\code\FubuMVC.Diagnostics\src\packages\FubuMVC.Spark
6/7/2013 11:21:25 AM: [Debug] Exploding Name: FubuMVC.Core.Assets, Version: 0.9.9.505, IsPreRelease: False
6/7/2013 11:21:25 AM: [Info] Exploding to C:\code\FubuMVC.Diagnostics\src\packages\FubuMVC.Core.Assets
6/7/2013 11:21:25 AM: [Debug] Exploding Name: HtmlTags, Version: 2.0.0.168, IsPreRelease: False
6/7/2013 11:21:25 AM: [Info] Exploding to C:\code\FubuMVC.Diagnostics\src\packages\HtmlTags
6/7/2013 11:21:25 AM: [Debug] Exploding Name: NUnit, Version: 2.5.10.11092, IsPreRelease: False
6/7/2013 11:21:25 AM: [Info] Exploding to C:\code\FubuMVC.Diagnostics\src\packages\NUnit
6/7/2013 11:21:26 AM: [Debug] Exploding Name: Owin, Version: 1.0.0.0, IsPreRelease: False
6/7/2013 11:21:26 AM: [Info] Exploding to C:\code\FubuMVC.Diagnostics\src\packages\Owin
6/7/2013 11:21:26 AM: [Debug] Exploding Name: Owin.Extensions, Version: 0.6.4.0, IsPreRelease: False
6/7/2013 11:21:26 AM: [Info] Exploding to C:\code\FubuMVC.Diagnostics\src\packages\Owin.Extensions
6/7/2013 11:21:26 AM: [Debug] Exploding Name: Owin.Types, Version: 0.8.5.0, IsPreRelease: False
6/7/2013 11:21:26 AM: [Info] Exploding to C:\code\FubuMVC.Diagnostics\src\packages\Owin.Types
6/7/2013 11:21:26 AM: [Debug] Exploding Name: Spark, Version: 1.7.5.0, IsPreRelease: False
6/7/2013 11:21:26 AM: [Info] Exploding to C:\code\FubuMVC.Diagnostics\src\packages\Spark
6/7/2013 11:21:26 AM: [Debug] Exploding Name: RhinoMocks, Version: 3.6.1.0, IsPreRelease: False
6/7/2013 11:21:26 AM: [Info] Exploding to C:\code\FubuMVC.Diagnostics\src\packages\RhinoMocks
6/7/2013 11:21:26 AM: [Debug] Exploding Name: structuremap, Version: 2.6.3.0, IsPreRelease: False
6/7/2013 11:21:26 AM: [Info] Exploding to C:\code\FubuMVC.Diagnostics\src\packages\structuremap
6/7/2013 11:21:26 AM: [Error] Error executing ExplodeDownloadedNugets
6/7/2013 11:21:26 AM: [Error] System.UnauthorizedAccessException: Access to the path 'C:\code\FubuMVC.Diagnostics\src\packages\structuremap\lib\StructureMap.XML' is denied.
   at System.IO.__Error.WinIOError(Int32 errorCode, String maybeFullPath)
   at System.IO.File.SetAttributes(String path, FileAttributes fileAttributes)
   at ripple.FileSystemExtensions.cleanDirectory(String directory, Boolean remove) in c:\BuildAgent\work\9299e62f32ca4a35\src\ripple\FileSystemExtensions.cs:line 33
   at ripple.FileSystemExtensions.cleanDirectory(String directory, Boolean remove) in c:\BuildAgent\work\9299e62f32ca4a35\src\ripple\FileSystemExtensions.cs:line 41
   at ripple.FileSystemExtensions.ForceClean(IFileSystem system, String path) in c:\BuildAgent\work\9299e62f32ca4a35\src\ripple\FileSystemExtensions.cs:line 22
   at ripple.Nuget.NugetFile.ExplodeTo(String directory) in c:\BuildAgent\work\9299e62f32ca4a35\src\ripple\Nuget\NugetFile.cs:line 83
   at ripple.Steps.ExplodeDownloadedNugets.<Execute>b__0(INugetFile nuget) in c:\BuildAgent\work\9299e62f32ca4a35\src\ripple\Steps\ExplodeDownloadedNugets.cs:line 26
   at System.Collections.Generic.GenericEnumerableExtensions.Each[T](IEnumerable`1 values, Action`1 eachAction) in c:\BuildAgent\work\4dafc5966c0aefb4\src\FubuCore\EnumerableExtensions.cs:line 78
   at ripple.Steps.ExplodeDownloadedNugets.Execute(SolutionInput input, IRippleStepRunner runner) in c:\BuildAgent\work\9299e62f32ca4a35\src\ripple\Steps\ExplodeDownloadedNugets.cs:line 22
   at ripple.RippleOperation.Execute(Boolean throwOnFailure) in c:\BuildAgent\work\9299e62f32ca4a35\src\ripple\RippleOperation.cs:line 79
6/7/2013 11:21:26 AM: [Debug] 
============================================================================================================================================
Solution "diagnostics": C:\code\FubuMVC.Diagnostics\ripple.config
============================================================================================================================================
     ** Solution-Level
        * FubuMVC.Core                 Float       
        * FubuMVC.Katana               Float       
        * FubuMVC.OwinHost             Float       
        * NUnit                        2.5.10.11092
        * Owin                         1.0         
        * Owin.Extensions              0.6.4       
        * Owin.Types                   0.8.5       
        * RhinoMocks                   3.6.1       
        * Spark                        1.7.5.0     
        * structuremap                 2.6.3       
        * structuremap.automocking     2.6.3       
     ** NuGet Feeds
        * Feed     http://build.fubu-project.org/guestAuth/app/nuget/v1/FeedService.svc (Float)
        * Feed     http://nuget.org/api/v2 (Fixed)                                             
        * Feed     http://packages.nuget.org/v1/FeedService.svc (Fixed)                        
     ** Projects
        * Project "DiagnosticsHarness"            C:\code\FubuMVC.Diagnostics\src\DiagnosticsHarness\DiagnosticsHarness.csproj              
             ** Dependencies
                * Bottles                      Float
                * FubuCore                     Float
                * FubuLocalization             Float
                * FubuMVC.Core                 Float
                * FubuMVC.Core.Assets          Float
                * FubuMVC.Core.UI              Float
                * FubuMVC.Core.View            Float
                * FubuMVC.JQueryUI             Float
                * FubuMVC.Media                Float
                * FubuMVC.Navigation           Float
                * FubuMVC.SlickGrid            Float
                * FubuMVC.Spark                Float
                * FubuMVC.StructureMap         Float
                * FubuMVC.TwitterBootstrap     Float
                * HtmlTags                     Float
                * Spark                        Float
                * structuremap                 Float
        * Project "FubuMVC.Diagnostics"           C:\code\FubuMVC.Diagnostics\src\FubuMVC.Diagnostics\FubuMVC.Diagnostics.csproj            
             ** Dependencies
                * Bottles                      Float
                * FubuCore                     Float
                * FubuLocalization             Float
                * FubuMVC.Core                 Float
                * FubuMVC.Core.Assets          Float
                * FubuMVC.Core.UI              Float
                * FubuMVC.Core.View            Float
                * FubuMVC.JQueryUI             Float
                * FubuMVC.Media                Float
                * FubuMVC.Navigation           Float
                * FubuMVC.SlickGrid            Float
                * FubuMVC.Spark                Float
                * FubuMVC.TwitterBootstrap     Float
                * HtmlTags                     Float
                * Spark                        Float
                * structuremap                 Float
        * Project "FubuMVC.Diagnostics.Docs"      C:\code\FubuMVC.Diagnostics\src\FubuMVC.Diagnostics.Docs\FubuMVC.Diagnostics.Docs.csproj  
             ** Dependencies
        * Project "FubuMVC.Diagnostics.Tests"     C:\code\FubuMVC.Diagnostics\src\FubuMVC.Diagnostics.Tests\FubuMVC.Diagnostics.Tests.csproj
             ** Dependencies
                * Bottles                      Float
                * FubuCore                     Float
                * FubuLocalization             Float
                * FubuMVC.Core                 Float
                * FubuMVC.Core.Assets          Float
                * FubuMVC.Core.UI              Float
                * FubuMVC.Core.View            Float
                * FubuMVC.JQueryUI             Float
                * FubuMVC.Katana               Float
                * FubuMVC.Media                Float
                * FubuMVC.Navigation           Float
                * FubuMVC.OwinHost             Float
                * FubuMVC.SlickGrid            Float
                * FubuMVC.StructureMap         Float
                * FubuMVC.TwitterBootstrap     Float
                * FubuTestingSupport           Float
                * HtmlTags                     Float
                * NUnit                        Float
                * Owin                         Float
                * Owin.Extensions              Float
                * Owin.Types                   Float
                * RhinoMocks                   Float
                * structuremap                 Float
                * structuremap.automocking     Float
     ** Local
        * Bottles                      Version: 1.1.0.512, IsPreRelease: False   
        * FubuCore                     Version: 1.1.0.249, IsPreRelease: False   
        * FubuLocalization             Version: 0.9.5.146, IsPreRelease: False   
        * FubuMVC.Core                 Version: 1.1.0.1504, IsPreRelease: False  
        * FubuMVC.Core.Assets          Version: 0.9.9.505, IsPreRelease: False   
        * FubuMVC.Core.UI              Version: 1.0.1.533, IsPreRelease: False   
        * FubuMVC.Core.View            Version: 1.0.0.509, IsPreRelease: False   
        * FubuMVC.JQueryUI             Version: 0.5.0.277, IsPreRelease: False   
        * FubuMVC.Katana               Version: 1.1.0.1504, IsPreRelease: False  
        * FubuMVC.Media                Version: 0.9.5.369, IsPreRelease: False   
        * FubuMVC.Navigation           Version: 0.9.0.141, IsPreRelease: False   
        * FubuMVC.OwinHost             Version: 1.1.0.1504, IsPreRelease: False  
        * FubuMVC.SlickGrid            Version: 0.0.0.617, IsPreRelease: False   
        * FubuMVC.Spark                Version: 1.0.0.509, IsPreRelease: False   
        * FubuMVC.StructureMap         Version: 1.1.0.1504, IsPreRelease: False  
        * FubuMVC.TwitterBootstrap     Version: 0.0.0.611, IsPreRelease: False   
        * FubuTestingSupport           Version: 1.1.0.249, IsPreRelease: False   
        * HtmlTags                     Version: 2.0.0.168, IsPreRelease: False   
        * NUnit                        Version: 2.5.10.11092, IsPreRelease: False
        * Owin                         Version: 1.0.0.0, IsPreRelease: False     
        * Owin.Extensions              Version: 0.6.4.0, IsPreRelease: False     
        * Owin.Types                   Version: 0.8.5.0, IsPreRelease: False     
        * RhinoMocks                   Version: 3.6.1.0, IsPreRelease: False     
        * Spark                        Version: 1.7.5.0, IsPreRelease: False     
        * structuremap.automocking     Version: 2.6.3.0, IsPreRelease: False     
     ** Missing
        * structuremap     2.6.3

6/7/2013 11:22:13 AM: [Debug] Solution diagnostics
6/7/2013 11:22:13 AM: [Info] Cleaning Solution diagnostics at C:\code\FubuMVC.Diagnostics
6/7/2013 11:22:13 AM: [Info] Cleaning contents of directory C:\code\FubuMVC.Diagnostics\src\packages
6/7/2013 11:22:15 AM: [Info] Restoring dependencies for solution diagnostics to C:\code\FubuMVC.Diagnostics\src\packages
6/7/2013 11:22:15 AM: [Debug] 
====================================================================================================
RippleOperation: diagnostics (fix)
====================================================================================================
     ** Ripple Steps
          1.) DownloadMissingNugets       Download missing nugets for diagnostics                   
          2.) ExplodeDownloadedNugets     Explode nugets at C:\code\FubuMVC.Diagnostics\src\packages
          3.) ProcessDirectives           Process directives from nugets                            
          4.) FixReferences               Fix References                                            

6/7/2013 11:22:21 AM: [Debug] Downloading From filesystem: C:\Users\jeremill\AppData\Roaming\ripple\Bottles.1.1.0.512.nupkg
6/7/2013 11:22:21 AM: [Debug] Downloading From filesystem: C:\Users\jeremill\AppData\Roaming\ripple\FubuMVC.Core.1.1.0.1504.nupkg
6/7/2013 11:22:21 AM: [Debug] Downloading From filesystem: C:\Users\jeremill\AppData\Roaming\ripple\FubuMVC.Core.UI.1.0.1.533.nupkg
6/7/2013 11:22:21 AM: [Debug] Downloading From filesystem: C:\Users\jeremill\AppData\Roaming\ripple\FubuCore.1.1.0.249.nupkg
6/7/2013 11:22:21 AM: [Debug] Downloading From filesystem: C:\Users\jeremill\AppData\Roaming\ripple\FubuMVC.JQueryUI.0.5.0.277.nupkg
6/7/2013 11:22:21 AM: [Debug] Downloading From filesystem: C:\Users\jeremill\AppData\Roaming\ripple\FubuMVC.Core.Assets.0.9.9.505.nupkg
6/7/2013 11:22:21 AM: [Debug] Downloading From filesystem: C:\Users\jeremill\AppData\Roaming\ripple\FubuMVC.Katana.1.1.0.1504.nupkg
6/7/2013 11:22:21 AM: [Debug] Downloading From filesystem: C:\Users\jeremill\AppData\Roaming\ripple\FubuMVC.Media.0.9.5.369.nupkg
6/7/2013 11:22:21 AM: [Debug] Downloading From filesystem: C:\Users\jeremill\AppData\Roaming\ripple\FubuMVC.OwinHost.1.1.0.1504.nupkg
6/7/2013 11:22:21 AM: [Debug] Downloading From filesystem: C:\Users\jeremill\AppData\Roaming\ripple\FubuMVC.Core.View.1.0.0.509.nupkg
6/7/2013 11:22:21 AM: [Debug] Downloading From filesystem: C:\Users\jeremill\AppData\Roaming\ripple\FubuMVC.Spark.1.0.0.509.nupkg
6/7/2013 11:22:21 AM: [Debug] Downloading From filesystem: C:\Users\jeremill\AppData\Roaming\ripple\FubuMVC.StructureMap.1.1.0.1504.nupkg
6/7/2013 11:22:21 AM: [Debug] Downloading From filesystem: C:\Users\jeremill\AppData\Roaming\ripple\FubuLocalization.0.9.5.146.nupkg
6/7/2013 11:22:21 AM: [Debug] Downloading From filesystem: C:\Users\jeremill\AppData\Roaming\ripple\FubuMVC.SlickGrid.0.0.0.617.nupkg
6/7/2013 11:22:21 AM: [Debug] Downloading From filesystem: C:\Users\jeremill\AppData\Roaming\ripple\FubuMVC.TwitterBootstrap.0.0.0.611.nupkg
6/7/2013 11:22:21 AM: [Debug] Downloading From filesystem: C:\Users\jeremill\AppData\Roaming\ripple\FubuTestingSupport.1.1.0.249.nupkg
6/7/2013 11:22:21 AM: [Debug] Downloading From filesystem: C:\Users\jeremill\AppData\Roaming\ripple\FubuMVC.Navigation.0.9.0.141.nupkg
6/7/2013 11:22:21 AM: [Debug] Searching for HtmlTags from http://build.fubu-project.org/guestAuth/app/nuget/v1/FeedService.svc
6/7/2013 11:22:26 AM: [Debug] Downloading From filesystem: C:\Users\jeremill\AppData\Roaming\ripple\HtmlTags.2.0.0.168.nupkg
6/7/2013 11:22:27 AM: [Debug] Downloading From filesystem: C:\Users\jeremill\AppData\Roaming\ripple\NUnit.2.5.10.11092.nupkg
6/7/2013 11:22:31 AM: [Debug] Downloading From filesystem: C:\Users\jeremill\AppData\Roaming\ripple\Owin.1.0.0.0.nupkg
6/7/2013 11:22:32 AM: [Debug] Downloading From filesystem: C:\Users\jeremill\AppData\Roaming\ripple\Owin.Extensions.0.6.4.0.nupkg
6/7/2013 11:22:34 AM: [Debug] Downloading From filesystem: C:\Users\jeremill\AppData\Roaming\ripple\Owin.Types.0.8.5.0.nupkg
6/7/2013 11:22:35 AM: [Debug] Downloading From filesystem: C:\Users\jeremill\AppData\Roaming\ripple\Spark.1.7.5.0.nupkg
6/7/2013 11:22:37 AM: [Debug] Downloading From filesystem: C:\Users\jeremill\AppData\Roaming\ripple\RhinoMocks.3.6.1.0.nupkg
6/7/2013 11:22:39 AM: [Debug] Downloading From filesystem: C:\Users\jeremill\AppData\Roaming\ripple\structuremap.2.6.3.0.nupkg
6/7/2013 11:22:39 AM: [Debug] Exploding Name: Bottles, Version: 1.1.0.512, IsPreRelease: False
6/7/2013 11:22:39 AM: [Info] Exploding to C:\code\FubuMVC.Diagnostics\src\packages\Bottles
6/7/2013 11:22:39 AM: [Debug] Exploding Name: FubuMVC.Core, Version: 1.1.0.1504, IsPreRelease: False
6/7/2013 11:22:39 AM: [Info] Exploding to C:\code\FubuMVC.Diagnostics\src\packages\FubuMVC.Core
6/7/2013 11:22:39 AM: [Debug] Exploding Name: FubuMVC.Core.UI, Version: 1.0.1.533, IsPreRelease: False
6/7/2013 11:22:39 AM: [Info] Exploding to C:\code\FubuMVC.Diagnostics\src\packages\FubuMVC.Core.UI
6/7/2013 11:22:39 AM: [Debug] Exploding Name: FubuCore, Version: 1.1.0.249, IsPreRelease: False
6/7/2013 11:22:39 AM: [Info] Exploding to C:\code\FubuMVC.Diagnostics\src\packages\FubuCore
6/7/2013 11:22:39 AM: [Debug] Exploding Name: FubuMVC.OwinHost, Version: 1.1.0.1504, IsPreRelease: False
6/7/2013 11:22:39 AM: [Info] Exploding to C:\code\FubuMVC.Diagnostics\src\packages\FubuMVC.OwinHost
6/7/2013 11:22:39 AM: [Debug] Exploding Name: FubuMVC.Core.View, Version: 1.0.0.509, IsPreRelease: False
6/7/2013 11:22:39 AM: [Info] Exploding to C:\code\FubuMVC.Diagnostics\src\packages\FubuMVC.Core.View
6/7/2013 11:22:39 AM: [Debug] Exploding Name: FubuMVC.Media, Version: 0.9.5.369, IsPreRelease: False
6/7/2013 11:22:39 AM: [Info] Exploding to C:\code\FubuMVC.Diagnostics\src\packages\FubuMVC.Media
6/7/2013 11:22:39 AM: [Debug] Exploding Name: FubuMVC.Core.Assets, Version: 0.9.9.505, IsPreRelease: False
6/7/2013 11:22:39 AM: [Info] Exploding to C:\code\FubuMVC.Diagnostics\src\packages\FubuMVC.Core.Assets
6/7/2013 11:22:39 AM: [Debug] Exploding Name: FubuMVC.Katana, Version: 1.1.0.1504, IsPreRelease: False
6/7/2013 11:22:39 AM: [Info] Exploding to C:\code\FubuMVC.Diagnostics\src\packages\FubuMVC.Katana
6/7/2013 11:22:39 AM: [Debug] Exploding Name: FubuMVC.Spark, Version: 1.0.0.509, IsPreRelease: False
6/7/2013 11:22:39 AM: [Info] Exploding to C:\code\FubuMVC.Diagnostics\src\packages\FubuMVC.Spark
6/7/2013 11:22:40 AM: [Debug] Exploding Name: FubuMVC.StructureMap, Version: 1.1.0.1504, IsPreRelease: False
6/7/2013 11:22:40 AM: [Info] Exploding to C:\code\FubuMVC.Diagnostics\src\packages\FubuMVC.StructureMap
6/7/2013 11:22:40 AM: [Debug] Exploding Name: FubuMVC.JQueryUI, Version: 0.5.0.277, IsPreRelease: False
6/7/2013 11:22:40 AM: [Info] Exploding to C:\code\FubuMVC.Diagnostics\src\packages\FubuMVC.JQueryUI
6/7/2013 11:22:40 AM: [Debug] Exploding Name: FubuLocalization, Version: 0.9.5.146, IsPreRelease: False
6/7/2013 11:22:40 AM: [Info] Exploding to C:\code\FubuMVC.Diagnostics\src\packages\FubuLocalization
6/7/2013 11:22:40 AM: [Debug] Exploding Name: FubuMVC.SlickGrid, Version: 0.0.0.617, IsPreRelease: False
6/7/2013 11:22:40 AM: [Info] Exploding to C:\code\FubuMVC.Diagnostics\src\packages\FubuMVC.SlickGrid
6/7/2013 11:22:40 AM: [Debug] Exploding Name: FubuMVC.TwitterBootstrap, Version: 0.0.0.611, IsPreRelease: False
6/7/2013 11:22:40 AM: [Info] Exploding to C:\code\FubuMVC.Diagnostics\src\packages\FubuMVC.TwitterBootstrap
6/7/2013 11:22:40 AM: [Debug] Exploding Name: FubuTestingSupport, Version: 1.1.0.249, IsPreRelease: False
6/7/2013 11:22:40 AM: [Info] Exploding to C:\code\FubuMVC.Diagnostics\src\packages\FubuTestingSupport
6/7/2013 11:22:40 AM: [Debug] Exploding Name: FubuMVC.Navigation, Version: 0.9.0.141, IsPreRelease: False
6/7/2013 11:22:40 AM: [Info] Exploding to C:\code\FubuMVC.Diagnostics\src\packages\FubuMVC.Navigation
6/7/2013 11:22:40 AM: [Debug] Exploding Name: HtmlTags, Version: 2.0.0.168, IsPreRelease: False
6/7/2013 11:22:40 AM: [Info] Exploding to C:\code\FubuMVC.Diagnostics\src\packages\HtmlTags
6/7/2013 11:22:40 AM: [Debug] Exploding Name: NUnit, Version: 2.5.10.11092, IsPreRelease: False
6/7/2013 11:22:40 AM: [Info] Exploding to C:\code\FubuMVC.Diagnostics\src\packages\NUnit
6/7/2013 11:22:40 AM: [Debug] Exploding Name: Owin, Version: 1.0.0.0, IsPreRelease: False
6/7/2013 11:22:40 AM: [Info] Exploding to C:\code\FubuMVC.Diagnostics\src\packages\Owin
6/7/2013 11:22:40 AM: [Debug] Exploding Name: Owin.Extensions, Version: 0.6.4.0, IsPreRelease: False
6/7/2013 11:22:40 AM: [Info] Exploding to C:\code\FubuMVC.Diagnostics\src\packages\Owin.Extensions
6/7/2013 11:22:40 AM: [Debug] Exploding Name: Owin.Types, Version: 0.8.5.0, IsPreRelease: False
6/7/2013 11:22:40 AM: [Info] Exploding to C:\code\FubuMVC.Diagnostics\src\packages\Owin.Types
6/7/2013 11:22:40 AM: [Debug] Exploding Name: Spark, Version: 1.7.5.0, IsPreRelease: False
6/7/2013 11:22:40 AM: [Info] Exploding to C:\code\FubuMVC.Diagnostics\src\packages\Spark
6/7/2013 11:22:40 AM: [Debug] Exploding Name: RhinoMocks, Version: 3.6.1.0, IsPreRelease: False
6/7/2013 11:22:40 AM: [Info] Exploding to C:\code\FubuMVC.Diagnostics\src\packages\RhinoMocks
6/7/2013 11:22:40 AM: [Debug] Exploding Name: structuremap, Version: 2.6.3.0, IsPreRelease: False
6/7/2013 11:22:40 AM: [Info] Exploding to C:\code\FubuMVC.Diagnostics\src\packages\structuremap
6/7/2013 11:22:40 AM: [Error] Error executing ExplodeDownloadedNugets
6/7/2013 11:22:40 AM: [Error] System.UnauthorizedAccessException: Access to the path 'C:\code\FubuMVC.Diagnostics\src\packages\structuremap\lib\StructureMap.XML' is denied.
   at System.IO.__Error.WinIOError(Int32 errorCode, String maybeFullPath)
   at System.IO.File.SetAttributes(String path, FileAttributes fileAttributes)
   at ripple.FileSystemExtensions.cleanDirectory(String directory, Boolean remove) in c:\BuildAgent\work\9299e62f32ca4a35\src\ripple\FileSystemExtensions.cs:line 33
   at ripple.FileSystemExtensions.cleanDirectory(String directory, Boolean remove) in c:\BuildAgent\work\9299e62f32ca4a35\src\ripple\FileSystemExtensions.cs:line 41
   at ripple.FileSystemExtensions.ForceClean(IFileSystem system, String path) in c:\BuildAgent\work\9299e62f32ca4a35\src\ripple\FileSystemExtensions.cs:line 22
   at ripple.Nuget.NugetFile.ExplodeTo(String directory) in c:\BuildAgent\work\9299e62f32ca4a35\src\ripple\Nuget\NugetFile.cs:line 83
   at ripple.Steps.ExplodeDownloadedNugets.<Execute>b__0(INugetFile nuget) in c:\BuildAgent\work\9299e62f32ca4a35\src\ripple\Steps\ExplodeDownloadedNugets.cs:line 26
   at System.Collections.Generic.GenericEnumerableExtensions.Each[T](IEnumerable`1 values, Action`1 eachAction) in c:\BuildAgent\work\4dafc5966c0aefb4\src\FubuCore\EnumerableExtensions.cs:line 78
   at ripple.Steps.ExplodeDownloadedNugets.Execute(SolutionInput input, IRippleStepRunner runner) in c:\BuildAgent\work\9299e62f32ca4a35\src\ripple\Steps\ExplodeDownloadedNugets.cs:line 22
   at ripple.RippleOperation.Execute(Boolean throwOnFailure) in c:\BuildAgent\work\9299e62f32ca4a35\src\ripple\RippleOperation.cs:line 79
6/7/2013 11:22:40 AM: [Debug] 
============================================================================================================================================
Solution "diagnostics": C:\code\FubuMVC.Diagnostics\ripple.config
============================================================================================================================================
     ** Solution-Level
        * FubuMVC.Core                 Float       
        * FubuMVC.Katana               Float       
        * FubuMVC.OwinHost             Float       
        * NUnit                        2.5.10.11092
        * Owin                         1.0         
        * Owin.Extensions              0.6.4       
        * Owin.Types                   0.8.5       
        * RhinoMocks                   3.6.1       
        * Spark                        1.7.5.0     
        * structuremap                 2.6.3       
        * structuremap.automocking     2.6.3       
     ** NuGet Feeds
        * Feed     http://build.fubu-project.org/guestAuth/app/nuget/v1/FeedService.svc (Float)
        * Feed     http://nuget.org/api/v2 (Fixed)                                             
        * Feed     http://packages.nuget.org/v1/FeedService.svc (Fixed)                        
     ** Projects
        * Project "DiagnosticsHarness"            C:\code\FubuMVC.Diagnostics\src\DiagnosticsHarness\DiagnosticsHarness.csproj              
             ** Dependencies
                * Bottles                      Float
                * FubuCore                     Float
                * FubuLocalization             Float
                * FubuMVC.Core                 Float
                * FubuMVC.Core.Assets          Float
                * FubuMVC.Core.UI              Float
                * FubuMVC.Core.View            Float
                * FubuMVC.JQueryUI             Float
                * FubuMVC.Media                Float
                * FubuMVC.Navigation           Float
                * FubuMVC.SlickGrid            Float
                * FubuMVC.Spark                Float
                * FubuMVC.StructureMap         Float
                * FubuMVC.TwitterBootstrap     Float
                * HtmlTags                     Float
                * Spark                        Float
                * structuremap                 Float
        * Project "FubuMVC.Diagnostics"           C:\code\FubuMVC.Diagnostics\src\FubuMVC.Diagnostics\FubuMVC.Diagnostics.csproj            
             ** Dependencies
                * Bottles                      Float
                * FubuCore                     Float
                * FubuLocalization             Float
                * FubuMVC.Core                 Float
                * FubuMVC.Core.Assets          Float
                * FubuMVC.Core.UI              Float
                * FubuMVC.Core.View            Float
                * FubuMVC.JQueryUI             Float
                * FubuMVC.Media                Float
                * FubuMVC.Navigation           Float
                * FubuMVC.SlickGrid            Float
                * FubuMVC.Spark                Float
                * FubuMVC.TwitterBootstrap     Float
                * HtmlTags                     Float
                * Spark                        Float
                * structuremap                 Float
        * Project "FubuMVC.Diagnostics.Docs"      C:\code\FubuMVC.Diagnostics\src\FubuMVC.Diagnostics.Docs\FubuMVC.Diagnostics.Docs.csproj  
             ** Dependencies
        * Project "FubuMVC.Diagnostics.Tests"     C:\code\FubuMVC.Diagnostics\src\FubuMVC.Diagnostics.Tests\FubuMVC.Diagnostics.Tests.csproj
             ** Dependencies
                * Bottles                      Float
                * FubuCore                     Float
                * FubuLocalization             Float
                * FubuMVC.Core                 Float
                * FubuMVC.Core.Assets          Float
                * FubuMVC.Core.UI              Float
                * FubuMVC.Core.View            Float
                * FubuMVC.JQueryUI             Float
                * FubuMVC.Katana               Float
                * FubuMVC.Media                Float
                * FubuMVC.Navigation           Float
                * FubuMVC.OwinHost             Float
                * FubuMVC.SlickGrid            Float
                * FubuMVC.StructureMap         Float
                * FubuMVC.TwitterBootstrap     Float
                * FubuTestingSupport           Float
                * HtmlTags                     Float
                * NUnit                        Float
                * Owin                         Float
                * Owin.Extensions              Float
                * Owin.Types                   Float
                * RhinoMocks                   Float
                * structuremap                 Float
                * structuremap.automocking     Float
     ** Local
        * Bottles                      Version: 1.1.0.512, IsPreRelease: False   
        * FubuCore                     Version: 1.1.0.249, IsPreRelease: False   
        * FubuLocalization             Version: 0.9.5.146, IsPreRelease: False   
        * FubuMVC.Core                 Version: 1.1.0.1504, IsPreRelease: False  
        * FubuMVC.Core.Assets          Version: 0.9.9.505, IsPreRelease: False   
        * FubuMVC.Core.UI              Version: 1.0.1.533, IsPreRelease: False   
        * FubuMVC.Core.View            Version: 1.0.0.509, IsPreRelease: False   
        * FubuMVC.JQueryUI             Version: 0.5.0.277, IsPreRelease: False   
        * FubuMVC.Katana               Version: 1.1.0.1504, IsPreRelease: False  
        * FubuMVC.Media                Version: 0.9.5.369, IsPreRelease: False   
        * FubuMVC.Navigation           Version: 0.9.0.141, IsPreRelease: False   
        * FubuMVC.OwinHost             Version: 1.1.0.1504, IsPreRelease: False  
        * FubuMVC.SlickGrid            Version: 0.0.0.617, IsPreRelease: False   
        * FubuMVC.Spark                Version: 1.0.0.509, IsPreRelease: False   
        * FubuMVC.StructureMap         Version: 1.1.0.1504, IsPreRelease: False  
        * FubuMVC.TwitterBootstrap     Version: 0.0.0.611, IsPreRelease: False   
        * FubuTestingSupport           Version: 1.1.0.249, IsPreRelease: False   
        * HtmlTags                     Version: 2.0.0.168, IsPreRelease: False   
        * NUnit                        Version: 2.5.10.11092, IsPreRelease: False
        * Owin                         Version: 1.0.0.0, IsPreRelease: False     
        * Owin.Extensions              Version: 0.6.4.0, IsPreRelease: False     
        * Owin.Types                   Version: 0.8.5.0, IsPreRelease: False     
        * RhinoMocks                   Version: 3.6.1.0, IsPreRelease: False     
        * Spark                        Version: 1.7.5.0, IsPreRelease: False     
        * structuremap.automocking     Version: 2.6.3.0, IsPreRelease: False     
     ** Missing
        * structuremap     2.6.3

6/7/2013 11:25:57 AM: [Info] Restoring dependencies for solution diagnostics to C:\code\FubuMVC.Diagnostics\src\packages
6/7/2013 11:25:57 AM: [Debug] 
====================================================================================================
RippleOperation: diagnostics (fix)
====================================================================================================
     ** Ripple Steps
          1.) DownloadMissingNugets       Download missing nugets for diagnostics                   
          2.) ExplodeDownloadedNugets     Explode nugets at C:\code\FubuMVC.Diagnostics\src\packages
          3.) ProcessDirectives           Process directives from nugets                            
          4.) FixReferences               Fix References                                            

6/7/2013 11:26:24 AM: [Debug] Downloading From filesystem: C:\Users\jeremill\AppData\Roaming\ripple\structuremap.2.6.3.0.nupkg
6/7/2013 11:26:24 AM: [Debug] Exploding Name: structuremap, Version: 2.6.3.0, IsPreRelease: False
6/7/2013 11:26:24 AM: [Info] Exploding to C:\code\FubuMVC.Diagnostics\src\packages\structuremap
6/7/2013 11:26:24 AM: [Error] Error executing ExplodeDownloadedNugets
6/7/2013 11:26:24 AM: [Error] System.UnauthorizedAccessException: Access to the path 'C:\code\FubuMVC.Diagnostics\src\packages\structuremap\lib\StructureMap.XML' is denied.
   at System.IO.__Error.WinIOError(Int32 errorCode, String maybeFullPath)
   at System.IO.File.SetAttributes(String path, FileAttributes fileAttributes)
   at ripple.FileSystemExtensions.cleanDirectory(String directory, Boolean remove) in c:\BuildAgent\work\9299e62f32ca4a35\src\ripple\FileSystemExtensions.cs:line 33
   at ripple.FileSystemExtensions.cleanDirectory(String directory, Boolean remove) in c:\BuildAgent\work\9299e62f32ca4a35\src\ripple\FileSystemExtensions.cs:line 41
   at ripple.FileSystemExtensions.ForceClean(IFileSystem system, String path) in c:\BuildAgent\work\9299e62f32ca4a35\src\ripple\FileSystemExtensions.cs:line 22
   at ripple.Nuget.NugetFile.ExplodeTo(String directory) in c:\BuildAgent\work\9299e62f32ca4a35\src\ripple\Nuget\NugetFile.cs:line 83
   at ripple.Steps.ExplodeDownloadedNugets.<Execute>b__0(INugetFile nuget) in c:\BuildAgent\work\9299e62f32ca4a35\src\ripple\Steps\ExplodeDownloadedNugets.cs:line 26
   at System.Collections.Generic.GenericEnumerableExtensions.Each[T](IEnumerable`1 values, Action`1 eachAction) in c:\BuildAgent\work\4dafc5966c0aefb4\src\FubuCore\EnumerableExtensions.cs:line 78
   at ripple.Steps.ExplodeDownloadedNugets.Execute(SolutionInput input, IRippleStepRunner runner) in c:\BuildAgent\work\9299e62f32ca4a35\src\ripple\Steps\ExplodeDownloadedNugets.cs:line 22
   at ripple.RippleOperation.Execute(Boolean throwOnFailure) in c:\BuildAgent\work\9299e62f32ca4a35\src\ripple\RippleOperation.cs:line 79
6/7/2013 11:26:24 AM: [Debug] 
============================================================================================================================================
Solution "diagnostics": C:\code\FubuMVC.Diagnostics\ripple.config
============================================================================================================================================
     ** Solution-Level
        * FubuMVC.Core                 Float       
        * FubuMVC.Katana               Float       
        * FubuMVC.OwinHost             Float       
        * NUnit                        2.5.10.11092
        * Owin                         1.0         
        * Owin.Extensions              0.6.4       
        * Owin.Types                   0.8.5       
        * RhinoMocks                   3.6.1       
        * Spark                        1.7.5.0     
        * structuremap                 2.6.3       
        * structuremap.automocking     2.6.3       
     ** NuGet Feeds
        * Feed     http://build.fubu-project.org/guestAuth/app/nuget/v1/FeedService.svc (Float)
        * Feed     http://nuget.org/api/v2 (Fixed)                                             
        * Feed     http://packages.nuget.org/v1/FeedService.svc (Fixed)                        
     ** Projects
        * Project "DiagnosticsHarness"            C:\code\FubuMVC.Diagnostics\src\DiagnosticsHarness\DiagnosticsHarness.csproj              
             ** Dependencies
                * Bottles                      Float
                * FubuCore                     Float
                * FubuLocalization             Float
                * FubuMVC.Core                 Float
                * FubuMVC.Core.Assets          Float
                * FubuMVC.Core.UI              Float
                * FubuMVC.Core.View            Float
                * FubuMVC.JQueryUI             Float
                * FubuMVC.Media                Float
                * FubuMVC.Navigation           Float
                * FubuMVC.SlickGrid            Float
                * FubuMVC.Spark                Float
                * FubuMVC.StructureMap         Float
                * FubuMVC.TwitterBootstrap     Float
                * HtmlTags                     Float
                * Spark                        Float
                * structuremap                 Float
        * Project "FubuMVC.Diagnostics"           C:\code\FubuMVC.Diagnostics\src\FubuMVC.Diagnostics\FubuMVC.Diagnostics.csproj            
             ** Dependencies
                * Bottles                      Float
                * FubuCore                     Float
                * FubuLocalization             Float
                * FubuMVC.Core                 Float
                * FubuMVC.Core.Assets          Float
                * FubuMVC.Core.UI              Float
                * FubuMVC.Core.View            Float
                * FubuMVC.JQueryUI             Float
                * FubuMVC.Media                Float
                * FubuMVC.Navigation           Float
                * FubuMVC.SlickGrid            Float
                * FubuMVC.Spark                Float
                * FubuMVC.TwitterBootstrap     Float
                * HtmlTags                     Float
                * Spark                        Float
                * structuremap                 Float
        * Project "FubuMVC.Diagnostics.Docs"      C:\code\FubuMVC.Diagnostics\src\FubuMVC.Diagnostics.Docs\FubuMVC.Diagnostics.Docs.csproj  
             ** Dependencies
        * Project "FubuMVC.Diagnostics.Tests"     C:\code\FubuMVC.Diagnostics\src\FubuMVC.Diagnostics.Tests\FubuMVC.Diagnostics.Tests.csproj
             ** Dependencies
                * Bottles                      Float
                * FubuCore                     Float
                * FubuLocalization             Float
                * FubuMVC.Core                 Float
                * FubuMVC.Core.Assets          Float
                * FubuMVC.Core.UI              Float
                * FubuMVC.Core.View            Float
                * FubuMVC.JQueryUI             Float
                * FubuMVC.Katana               Float
                * FubuMVC.Media                Float
                * FubuMVC.Navigation           Float
                * FubuMVC.OwinHost             Float
                * FubuMVC.SlickGrid            Float
                * FubuMVC.StructureMap         Float
                * FubuMVC.TwitterBootstrap     Float
                * FubuTestingSupport           Float
                * HtmlTags                     Float
                * NUnit                        Float
                * Owin                         Float
                * Owin.Extensions              Float
                * Owin.Types                   Float
                * RhinoMocks                   Float
                * structuremap                 Float
                * structuremap.automocking     Float
     ** Local
        * Bottles                      Version: 1.1.0.512, IsPreRelease: False   
        * FubuCore                     Version: 1.1.0.249, IsPreRelease: False   
        * FubuLocalization             Version: 0.9.5.146, IsPreRelease: False   
        * FubuMVC.Core                 Version: 1.1.0.1504, IsPreRelease: False  
        * FubuMVC.Core.Assets          Version: 0.9.9.505, IsPreRelease: False   
        * FubuMVC.Core.UI              Version: 1.0.1.533, IsPreRelease: False   
        * FubuMVC.Core.View            Version: 1.0.0.509, IsPreRelease: False   
        * FubuMVC.JQueryUI             Version: 0.5.0.277, IsPreRelease: False   
        * FubuMVC.Katana               Version: 1.1.0.1504, IsPreRelease: False  
        * FubuMVC.Media                Version: 0.9.5.369, IsPreRelease: False   
        * FubuMVC.Navigation           Version: 0.9.0.141, IsPreRelease: False   
        * FubuMVC.OwinHost             Version: 1.1.0.1504, IsPreRelease: False  
        * FubuMVC.SlickGrid            Version: 0.0.0.617, IsPreRelease: False   
        * FubuMVC.Spark                Version: 1.0.0.509, IsPreRelease: False   
        * FubuMVC.StructureMap         Version: 1.1.0.1504, IsPreRelease: False  
        * FubuMVC.TwitterBootstrap     Version: 0.0.0.611, IsPreRelease: False   
        * FubuTestingSupport           Version: 1.1.0.249, IsPreRelease: False   
        * HtmlTags                     Version: 2.0.0.168, IsPreRelease: False   
        * NUnit                        Version: 2.5.10.11092, IsPreRelease: False
        * Owin                         Version: 1.0.0.0, IsPreRelease: False     
        * Owin.Extensions              Version: 0.6.4.0, IsPreRelease: False     
        * Owin.Types                   Version: 0.8.5.0, IsPreRelease: False     
        * RhinoMocks                   Version: 3.6.1.0, IsPreRelease: False     
        * Spark                        Version: 1.7.5.0, IsPreRelease: False     
        * structuremap.automocking     Version: 2.6.3.0, IsPreRelease: False     
     ** Missing
        * structuremap     2.6.3

6/7/2013 1:51:33 PM: [Info] Restoring dependencies for solution diagnostics to C:\code\FubuMVC.Diagnostics\src\packages
6/7/2013 1:51:33 PM: [Debug] 
====================================================================================================
RippleOperation: diagnostics (fix)
====================================================================================================
     ** Ripple Steps
          1.) DownloadMissingNugets       Download missing nugets for diagnostics                   
          2.) ExplodeDownloadedNugets     Explode nugets at C:\code\FubuMVC.Diagnostics\src\packages
          3.) ProcessDirectives           Process directives from nugets                            
          4.) FixReferences               Fix References                                            

6/7/2013 1:51:43 PM: [Debug] Downloading From filesystem: C:\Users\jeremill\AppData\Roaming\ripple\structuremap.2.6.3.0.nupkg
6/7/2013 1:51:43 PM: [Debug] Exploding Name: structuremap, Version: 2.6.3.0, IsPreRelease: False
6/7/2013 1:51:43 PM: [Info] Exploding to C:\code\FubuMVC.Diagnostics\src\packages\structuremap
6/7/2013 2:22:55 PM: [Info] Restoring dependencies for solution diagnostics to C:\code\FubuMVC.Diagnostics\src\packages
6/7/2013 2:22:55 PM: [Debug] 
====================================================================================================
RippleOperation: diagnostics (master)
====================================================================================================
     ** Ripple Steps
          1.) DownloadMissingNugets       Download missing nugets for diagnostics                   
          2.) ExplodeDownloadedNugets     Explode nugets at C:\code\FubuMVC.Diagnostics\src\packages
          3.) ProcessDirectives           Process directives from nugets                            
          4.) FixReferences               Fix References                                            

